{"/Volumes/Workspace/climber/bin/clean.js": {"path":"/Volumes/Workspace/climber/bin/clean.js","statementMap":{"0":{"start":{"line":2,"column":21},"end":{"line":2,"column":45}},"1":{"start":{"line":3,"column":14},"end":{"line":3,"column":30}},"2":{"start":{"line":4,"column":13},"end":{"line":4,"column":28}},"3":{"start":{"line":5,"column":22},"end":{"line":5,"column":41}},"4":{"start":{"line":7,"column":0},"end":{"line":122,"column":5}},"5":{"start":{"line":8,"column":2},"end":{"line":121,"column":3}},"6":{"start":{"line":9,"column":17},"end":{"line":9,"column":38}},"7":{"start":{"line":10,"column":18},"end":{"line":10,"column":65}},"8":{"start":{"line":11,"column":20},"end":{"line":11,"column":69}},"9":{"start":{"line":12,"column":19},"end":{"line":12,"column":67}},"10":{"start":{"line":13,"column":21},"end":{"line":13,"column":71}},"11":{"start":{"line":14,"column":16},"end":{"line":14,"column":61}},"12":{"start":{"line":16,"column":24},"end":{"line":16,"column":60}},"13":{"start":{"line":17,"column":21},"end":{"line":17,"column":63}},"14":{"start":{"line":19,"column":4},"end":{"line":19,"column":98}},"15":{"start":{"line":22,"column":4},"end":{"line":52,"column":5}},"16":{"start":{"line":22,"column":17},"end":{"line":22,"column":18}},"17":{"start":{"line":23,"column":22},"end":{"line":23,"column":33}},"18":{"start":{"line":24,"column":21},"end":{"line":24,"column":71}},"19":{"start":{"line":25,"column":22},"end":{"line":25,"column":34}},"20":{"start":{"line":27,"column":6},"end":{"line":51,"column":7}},"21":{"start":{"line":28,"column":8},"end":{"line":28,"column":91}},"22":{"start":{"line":30,"column":8},"end":{"line":32,"column":9}},"23":{"start":{"line":31,"column":10},"end":{"line":31,"column":63}},"24":{"start":{"line":35,"column":28},"end":{"line":35,"column":54}},"25":{"start":{"line":36,"column":8},"end":{"line":38,"column":9}},"26":{"start":{"line":37,"column":10},"end":{"line":37,"column":40}},"27":{"start":{"line":39,"column":8},"end":{"line":41,"column":9}},"28":{"start":{"line":40,"column":10},"end":{"line":40,"column":47}},"29":{"start":{"line":43,"column":8},"end":{"line":46,"column":11}},"30":{"start":{"line":48,"column":8},"end":{"line":48,"column":81}},"31":{"start":{"line":50,"column":8},"end":{"line":50,"column":91}},"32":{"start":{"line":55,"column":4},"end":{"line":69,"column":5}},"33":{"start":{"line":56,"column":6},"end":{"line":68,"column":7}},"34":{"start":{"line":57,"column":8},"end":{"line":57,"column":66}},"35":{"start":{"line":59,"column":8},"end":{"line":63,"column":9}},"36":{"start":{"line":60,"column":10},"end":{"line":60,"column":67}},"37":{"start":{"line":62,"column":10},"end":{"line":62,"column":66}},"38":{"start":{"line":65,"column":8},"end":{"line":65,"column":60}},"39":{"start":{"line":67,"column":8},"end":{"line":67,"column":87}},"40":{"start":{"line":71,"column":4},"end":{"line":85,"column":5}},"41":{"start":{"line":72,"column":6},"end":{"line":84,"column":7}},"42":{"start":{"line":73,"column":8},"end":{"line":73,"column":67}},"43":{"start":{"line":75,"column":8},"end":{"line":79,"column":9}},"44":{"start":{"line":76,"column":10},"end":{"line":76,"column":67}},"45":{"start":{"line":78,"column":10},"end":{"line":78,"column":67}},"46":{"start":{"line":81,"column":8},"end":{"line":81,"column":61}},"47":{"start":{"line":83,"column":8},"end":{"line":83,"column":88}},"48":{"start":{"line":87,"column":4},"end":{"line":95,"column":5}},"49":{"start":{"line":88,"column":6},"end":{"line":94,"column":7}},"50":{"start":{"line":89,"column":8},"end":{"line":89,"column":68}},"51":{"start":{"line":90,"column":8},"end":{"line":90,"column":66}},"52":{"start":{"line":91,"column":8},"end":{"line":91,"column":62}},"53":{"start":{"line":93,"column":8},"end":{"line":93,"column":89}},"54":{"start":{"line":98,"column":4},"end":{"line":106,"column":5}},"55":{"start":{"line":99,"column":6},"end":{"line":105,"column":7}},"56":{"start":{"line":100,"column":8},"end":{"line":100,"column":71}},"57":{"start":{"line":101,"column":8},"end":{"line":101,"column":65}},"58":{"start":{"line":102,"column":8},"end":{"line":102,"column":68}},"59":{"start":{"line":104,"column":8},"end":{"line":104,"column":97}},"60":{"start":{"line":108,"column":4},"end":{"line":108,"column":69}},"61":{"start":{"line":111,"column":4},"end":{"line":116,"column":5}},"62":{"start":{"line":112,"column":6},"end":{"line":112,"column":62}},"63":{"start":{"line":113,"column":6},"end":{"line":113,"column":57}},"64":{"start":{"line":119,"column":4},"end":{"line":119,"column":69}},"65":{"start":{"line":120,"column":4},"end":{"line":120,"column":20}}},"fnMap":{"0":{"name":"(anonymous_0)","decl":{"start":{"line":7,"column":1},"end":{"line":7,"column":2}},"loc":{"start":{"line":7,"column":18},"end":{"line":122,"column":1}},"line":7}},"branchMap":{"0":{"loc":{"start":{"line":10,"column":18},"end":{"line":10,"column":65}},"type":"binary-expr","locations":[{"start":{"line":10,"column":18},"end":{"line":10,"column":42}},{"start":{"line":10,"column":46},"end":{"line":10,"column":65}}],"line":10},"1":{"loc":{"start":{"line":11,"column":20},"end":{"line":11,"column":69}},"type":"binary-expr","locations":[{"start":{"line":11,"column":20},"end":{"line":11,"column":46}},{"start":{"line":11,"column":50},"end":{"line":11,"column":69}}],"line":11},"2":{"loc":{"start":{"line":12,"column":19},"end":{"line":12,"column":67}},"type":"binary-expr","locations":[{"start":{"line":12,"column":19},"end":{"line":12,"column":44}},{"start":{"line":12,"column":48},"end":{"line":12,"column":67}}],"line":12},"3":{"loc":{"start":{"line":13,"column":21},"end":{"line":13,"column":71}},"type":"binary-expr","locations":[{"start":{"line":13,"column":21},"end":{"line":13,"column":48}},{"start":{"line":13,"column":52},"end":{"line":13,"column":71}}],"line":13},"4":{"loc":{"start":{"line":14,"column":16},"end":{"line":14,"column":61}},"type":"binary-expr","locations":[{"start":{"line":14,"column":16},"end":{"line":14,"column":38}},{"start":{"line":14,"column":42},"end":{"line":14,"column":61}}],"line":14},"5":{"loc":{"start":{"line":16,"column":24},"end":{"line":16,"column":60}},"type":"binary-expr","locations":[{"start":{"line":16,"column":24},"end":{"line":16,"column":47}},{"start":{"line":16,"column":51},"end":{"line":16,"column":60}}],"line":16},"6":{"loc":{"start":{"line":30,"column":8},"end":{"line":32,"column":9}},"type":"if","locations":[{"start":{"line":30,"column":8},"end":{"line":32,"column":9}},{"start":{},"end":{}}],"line":30},"7":{"loc":{"start":{"line":36,"column":8},"end":{"line":38,"column":9}},"type":"if","locations":[{"start":{"line":36,"column":8},"end":{"line":38,"column":9}},{"start":{},"end":{}}],"line":36},"8":{"loc":{"start":{"line":36,"column":12},"end":{"line":36,"column":26}},"type":"binary-expr","locations":[{"start":{"line":36,"column":12},"end":{"line":36,"column":19}},{"start":{"line":36,"column":23},"end":{"line":36,"column":26}}],"line":36},"9":{"loc":{"start":{"line":39,"column":8},"end":{"line":41,"column":9}},"type":"if","locations":[{"start":{"line":39,"column":8},"end":{"line":41,"column":9}},{"start":{},"end":{}}],"line":39},"10":{"loc":{"start":{"line":39,"column":12},"end":{"line":39,"column":27}},"type":"binary-expr","locations":[{"start":{"line":39,"column":12},"end":{"line":39,"column":20}},{"start":{"line":39,"column":24},"end":{"line":39,"column":27}}],"line":39},"11":{"loc":{"start":{"line":55,"column":4},"end":{"line":69,"column":5}},"type":"if","locations":[{"start":{"line":55,"column":4},"end":{"line":69,"column":5}},{"start":{},"end":{}}],"line":55},"12":{"loc":{"start":{"line":55,"column":8},"end":{"line":55,"column":21}},"type":"binary-expr","locations":[{"start":{"line":55,"column":8},"end":{"line":55,"column":14}},{"start":{"line":55,"column":18},"end":{"line":55,"column":21}}],"line":55},"13":{"loc":{"start":{"line":59,"column":8},"end":{"line":63,"column":9}},"type":"if","locations":[{"start":{"line":59,"column":8},"end":{"line":63,"column":9}},{"start":{"line":61,"column":15},"end":{"line":63,"column":9}}],"line":59},"14":{"loc":{"start":{"line":71,"column":4},"end":{"line":85,"column":5}},"type":"if","locations":[{"start":{"line":71,"column":4},"end":{"line":85,"column":5}},{"start":{},"end":{}}],"line":71},"15":{"loc":{"start":{"line":71,"column":8},"end":{"line":71,"column":22}},"type":"binary-expr","locations":[{"start":{"line":71,"column":8},"end":{"line":71,"column":15}},{"start":{"line":71,"column":19},"end":{"line":71,"column":22}}],"line":71},"16":{"loc":{"start":{"line":75,"column":8},"end":{"line":79,"column":9}},"type":"if","locations":[{"start":{"line":75,"column":8},"end":{"line":79,"column":9}},{"start":{"line":77,"column":15},"end":{"line":79,"column":9}}],"line":75},"17":{"loc":{"start":{"line":87,"column":4},"end":{"line":95,"column":5}},"type":"if","locations":[{"start":{"line":87,"column":4},"end":{"line":95,"column":5}},{"start":{},"end":{}}],"line":87},"18":{"loc":{"start":{"line":87,"column":8},"end":{"line":87,"column":23}},"type":"binary-expr","locations":[{"start":{"line":87,"column":8},"end":{"line":87,"column":16}},{"start":{"line":87,"column":20},"end":{"line":87,"column":23}}],"line":87},"19":{"loc":{"start":{"line":98,"column":4},"end":{"line":106,"column":5}},"type":"if","locations":[{"start":{"line":98,"column":4},"end":{"line":106,"column":5}},{"start":{},"end":{}}],"line":98}},"s":{"0":2,"1":2,"2":2,"3":2,"4":2,"5":2,"6":2,"7":2,"8":2,"9":2,"10":2,"11":2,"12":2,"13":2,"14":2,"15":2,"16":2,"17":4,"18":4,"19":4,"20":4,"21":4,"22":4,"23":4,"24":4,"25":4,"26":0,"27":4,"28":0,"29":4,"30":4,"31":0,"32":2,"33":0,"34":0,"35":0,"36":0,"37":0,"38":0,"39":0,"40":2,"41":0,"42":0,"43":0,"44":0,"45":0,"46":0,"47":0,"48":2,"49":0,"50":0,"51":0,"52":0,"53":0,"54":2,"55":0,"56":0,"57":0,"58":0,"59":0,"60":2,"61":2,"62":2,"63":2,"64":0,"65":0},"f":{"0":2},"b":{"0":[2,2],"1":[2,2],"2":[2,2],"3":[2,2],"4":[2,2],"5":[2,2],"6":[4,0],"7":[0,4],"8":[4,4],"9":[0,4],"10":[4,4],"11":[0,2],"12":[2,2],"13":[0,0],"14":[0,2],"15":[2,2],"16":[0,0],"17":[0,2],"18":[2,2],"19":[0,2]},"_coverageSchema":"1a1c01bbd47fc00a2c39e90264f33305004495a9","hash":"e4ff6f721cf35a261b2e13eda01b136b795bc372"}
,"/Volumes/Workspace/climber/bin/config-show.js": {"path":"/Volumes/Workspace/climber/bin/config-show.js","statementMap":{"0":{"start":{"line":2,"column":14},"end":{"line":2,"column":30}},"1":{"start":{"line":3,"column":22},"end":{"line":3,"column":41}},"2":{"start":{"line":5,"column":0},"end":{"line":77,"column":5}},"3":{"start":{"line":6,"column":2},"end":{"line":76,"column":3}},"4":{"start":{"line":7,"column":24},"end":{"line":7,"column":60}},"5":{"start":{"line":9,"column":4},"end":{"line":9,"column":67}},"6":{"start":{"line":12,"column":4},"end":{"line":12,"column":25}},"7":{"start":{"line":15,"column":29},"end":{"line":15,"column":64}},"8":{"start":{"line":16,"column":4},"end":{"line":16,"column":82}},"9":{"start":{"line":17,"column":4},"end":{"line":17,"column":79}},"10":{"start":{"line":18,"column":4},"end":{"line":18,"column":108}},"11":{"start":{"line":19,"column":4},"end":{"line":19,"column":20}},"12":{"start":{"line":22,"column":4},"end":{"line":22,"column":88}},"13":{"start":{"line":23,"column":4},"end":{"line":23,"column":20}},"14":{"start":{"line":26,"column":4},"end":{"line":26,"column":57}},"15":{"start":{"line":27,"column":4},"end":{"line":32,"column":7}},"16":{"start":{"line":28,"column":24},"end":{"line":28,"column":47}},"17":{"start":{"line":29,"column":21},"end":{"line":29,"column":44}},"18":{"start":{"line":30,"column":24},"end":{"line":30,"column":61}},"19":{"start":{"line":31,"column":6},"end":{"line":31,"column":114}},"20":{"start":{"line":33,"column":4},"end":{"line":33,"column":20}},"21":{"start":{"line":36,"column":28},"end":{"line":36,"column":80}},"22":{"start":{"line":37,"column":4},"end":{"line":37,"column":73}},"23":{"start":{"line":38,"column":4},"end":{"line":40,"column":7}},"24":{"start":{"line":39,"column":6},"end":{"line":39,"column":122}},"25":{"start":{"line":41,"column":4},"end":{"line":41,"column":20}},"26":{"start":{"line":44,"column":25},"end":{"line":44,"column":67}},"27":{"start":{"line":45,"column":4},"end":{"line":45,"column":48}},"28":{"start":{"line":46,"column":4},"end":{"line":48,"column":7}},"29":{"start":{"line":47,"column":6},"end":{"line":47,"column":66}},"30":{"start":{"line":49,"column":4},"end":{"line":49,"column":20}},"31":{"start":{"line":52,"column":4},"end":{"line":60,"column":5}},"32":{"start":{"line":53,"column":6},"end":{"line":53,"column":57}},"33":{"start":{"line":54,"column":6},"end":{"line":58,"column":9}},"34":{"start":{"line":55,"column":8},"end":{"line":57,"column":9}},"35":{"start":{"line":55,"column":38},"end":{"line":55,"column":56}},"36":{"start":{"line":56,"column":10},"end":{"line":56,"column":109}},"37":{"start":{"line":56,"column":78},"end":{"line":56,"column":93}},"38":{"start":{"line":59,"column":6},"end":{"line":59,"column":22}},"39":{"start":{"line":63,"column":4},"end":{"line":63,"column":49}},"40":{"start":{"line":64,"column":4},"end":{"line":64,"column":66}},"41":{"start":{"line":65,"column":4},"end":{"line":65,"column":48}},"42":{"start":{"line":66,"column":4},"end":{"line":66,"column":20}},"43":{"start":{"line":67,"column":4},"end":{"line":67,"column":72}},"44":{"start":{"line":68,"column":4},"end":{"line":68,"column":72}},"45":{"start":{"line":69,"column":4},"end":{"line":69,"column":20}},"46":{"start":{"line":70,"column":4},"end":{"line":70,"column":75}},"47":{"start":{"line":71,"column":4},"end":{"line":71,"column":48}},"48":{"start":{"line":74,"column":4},"end":{"line":74,"column":76}},"49":{"start":{"line":75,"column":4},"end":{"line":75,"column":20}}},"fnMap":{"0":{"name":"(anonymous_0)","decl":{"start":{"line":5,"column":1},"end":{"line":5,"column":2}},"loc":{"start":{"line":5,"column":18},"end":{"line":77,"column":1}},"line":5},"1":{"name":"(anonymous_1)","decl":{"start":{"line":27,"column":68},"end":{"line":27,"column":69}},"loc":{"start":{"line":27,"column":94},"end":{"line":32,"column":5}},"line":27},"2":{"name":"(anonymous_2)","decl":{"start":{"line":38,"column":28},"end":{"line":38,"column":29}},"loc":{"start":{"line":38,"column":48},"end":{"line":40,"column":5}},"line":38},"3":{"name":"(anonymous_3)","decl":{"start":{"line":46,"column":25},"end":{"line":46,"column":26}},"loc":{"start":{"line":46,"column":45},"end":{"line":48,"column":5}},"line":46},"4":{"name":"(anonymous_4)","decl":{"start":{"line":54,"column":64},"end":{"line":54,"column":65}},"loc":{"start":{"line":54,"column":85},"end":{"line":58,"column":7}},"line":54},"5":{"name":"(anonymous_5)","decl":{"start":{"line":55,"column":33},"end":{"line":55,"column":34}},"loc":{"start":{"line":55,"column":38},"end":{"line":55,"column":56}},"line":55},"6":{"name":"(anonymous_6)","decl":{"start":{"line":56,"column":71},"end":{"line":56,"column":72}},"loc":{"start":{"line":56,"column":78},"end":{"line":56,"column":93}},"line":56}},"branchMap":{"0":{"loc":{"start":{"line":7,"column":24},"end":{"line":7,"column":60}},"type":"binary-expr","locations":[{"start":{"line":7,"column":24},"end":{"line":7,"column":47}},{"start":{"line":7,"column":51},"end":{"line":7,"column":60}}],"line":7},"1":{"loc":{"start":{"line":27,"column":19},"end":{"line":27,"column":58}},"type":"binary-expr","locations":[{"start":{"line":27,"column":19},"end":{"line":27,"column":52}},{"start":{"line":27,"column":56},"end":{"line":27,"column":58}}],"line":27},"2":{"loc":{"start":{"line":29,"column":21},"end":{"line":29,"column":44}},"type":"cond-expr","locations":[{"start":{"line":29,"column":33},"end":{"line":29,"column":37}},{"start":{"line":29,"column":40},"end":{"line":29,"column":44}}],"line":29},"3":{"loc":{"start":{"line":30,"column":24},"end":{"line":30,"column":61}},"type":"cond-expr","locations":[{"start":{"line":30,"column":36},"end":{"line":30,"column":47}},{"start":{"line":30,"column":50},"end":{"line":30,"column":61}}],"line":30},"4":{"loc":{"start":{"line":31,"column":68},"end":{"line":31,"column":109}},"type":"binary-expr","locations":[{"start":{"line":31,"column":68},"end":{"line":31,"column":89}},{"start":{"line":31,"column":93},"end":{"line":31,"column":109}}],"line":31},"5":{"loc":{"start":{"line":39,"column":78},"end":{"line":39,"column":117}},"type":"binary-expr","locations":[{"start":{"line":39,"column":78},"end":{"line":39,"column":97}},{"start":{"line":39,"column":101},"end":{"line":39,"column":117}}],"line":39},"6":{"loc":{"start":{"line":52,"column":4},"end":{"line":60,"column":5}},"type":"if","locations":[{"start":{"line":52,"column":4},"end":{"line":60,"column":5}},{"start":{},"end":{}}],"line":52},"7":{"loc":{"start":{"line":52,"column":8},"end":{"line":52,"column":102}},"type":"binary-expr","locations":[{"start":{"line":52,"column":8},"end":{"line":52,"column":41}},{"start":{"line":52,"column":45},"end":{"line":52,"column":102}}],"line":52},"8":{"loc":{"start":{"line":55,"column":8},"end":{"line":57,"column":9}},"type":"if","locations":[{"start":{"line":55,"column":8},"end":{"line":57,"column":9}},{"start":{},"end":{}}],"line":55}},"s":{"0":2,"1":2,"2":2,"3":2,"4":2,"5":2,"6":2,"7":2,"8":2,"9":2,"10":2,"11":2,"12":2,"13":2,"14":2,"15":2,"16":2,"17":2,"18":2,"19":2,"20":2,"21":2,"22":2,"23":2,"24":4,"25":2,"26":2,"27":2,"28":2,"29":4,"30":2,"31":2,"32":0,"33":0,"34":0,"35":0,"36":0,"37":0,"38":0,"39":2,"40":2,"41":2,"42":2,"43":2,"44":2,"45":2,"46":2,"47":2,"48":0,"49":0},"f":{"0":2,"1":2,"2":4,"3":4,"4":0,"5":0,"6":0},"b":{"0":[2,2],"1":[2,0],"2":[2,0],"3":[2,0],"4":[2,0],"5":[4,0],"6":[0,2],"7":[2,2],"8":[0,0]},"_coverageSchema":"1a1c01bbd47fc00a2c39e90264f33305004495a9","hash":"dc69ace8378c2164397a47ca5900201863c1b436"}
,"/Volumes/Workspace/climber/bin/config.js": {"path":"/Volumes/Workspace/climber/bin/config.js","statementMap":{"0":{"start":{"line":1,"column":11},"end":{"line":1,"column":24}},"1":{"start":{"line":2,"column":13},"end":{"line":2,"column":28}},"2":{"start":{"line":3,"column":13},"end":{"line":3,"column":31}},"3":{"start":{"line":4,"column":17},"end":{"line":4,"column":36}},"4":{"start":{"line":5,"column":14},"end":{"line":5,"column":30}},"5":{"start":{"line":9,"column":4},"end":{"line":9,"column":68}},"6":{"start":{"line":10,"column":4},"end":{"line":10,"column":71}},"7":{"start":{"line":11,"column":4},"end":{"line":11,"column":67}},"8":{"start":{"line":12,"column":4},"end":{"line":12,"column":23}},"9":{"start":{"line":16,"column":4},"end":{"line":26,"column":5}},"10":{"start":{"line":17,"column":6},"end":{"line":23,"column":7}},"11":{"start":{"line":18,"column":23},"end":{"line":18,"column":81}},"12":{"start":{"line":19,"column":35},"end":{"line":19,"column":52}},"13":{"start":{"line":20,"column":8},"end":{"line":22,"column":9}},"14":{"start":{"line":21,"column":10},"end":{"line":21,"column":44}},"15":{"start":{"line":27,"column":4},"end":{"line":27,"column":54}},"16":{"start":{"line":31,"column":4},"end":{"line":31,"column":84}},"17":{"start":{"line":35,"column":4},"end":{"line":60,"column":5}},"18":{"start":{"line":37,"column":6},"end":{"line":37,"column":34}},"19":{"start":{"line":40,"column":25},"end":{"line":40,"column":57}},"20":{"start":{"line":42,"column":6},"end":{"line":50,"column":7}},"21":{"start":{"line":43,"column":8},"end":{"line":43,"column":84}},"22":{"start":{"line":44,"column":8},"end":{"line":44,"column":61}},"23":{"start":{"line":45,"column":8},"end":{"line":47,"column":11}},"24":{"start":{"line":46,"column":10},"end":{"line":46,"column":56}},"25":{"start":{"line":48,"column":8},"end":{"line":48,"column":97}},"26":{"start":{"line":49,"column":8},"end":{"line":49,"column":24}},"27":{"start":{"line":52,"column":21},"end":{"line":52,"column":70}},"28":{"start":{"line":53,"column":6},"end":{"line":53,"column":38}},"29":{"start":{"line":54,"column":6},"end":{"line":54,"column":28}},"30":{"start":{"line":55,"column":6},"end":{"line":55,"column":25}},"31":{"start":{"line":57,"column":6},"end":{"line":57,"column":78}},"32":{"start":{"line":58,"column":6},"end":{"line":58,"column":96}},"33":{"start":{"line":59,"column":6},"end":{"line":59,"column":22}},"34":{"start":{"line":64,"column":26},"end":{"line":64,"column":66}},"35":{"start":{"line":65,"column":30},"end":{"line":65,"column":70}},"36":{"start":{"line":67,"column":4},"end":{"line":149,"column":5}},"37":{"start":{"line":68,"column":6},"end":{"line":148,"column":7}},"38":{"start":{"line":71,"column":8},"end":{"line":77,"column":9}},"39":{"start":{"line":72,"column":25},"end":{"line":72,"column":77}},"40":{"start":{"line":73,"column":10},"end":{"line":73,"column":40}},"41":{"start":{"line":74,"column":15},"end":{"line":77,"column":9}},"42":{"start":{"line":75,"column":25},"end":{"line":75,"column":81}},"43":{"start":{"line":76,"column":10},"end":{"line":76,"column":41}},"44":{"start":{"line":79,"column":8},"end":{"line":145,"column":9}},"45":{"start":{"line":81,"column":32},"end":{"line":81,"column":71}},"46":{"start":{"line":82,"column":10},"end":{"line":82,"column":59}},"47":{"start":{"line":86,"column":10},"end":{"line":106,"column":11}},"48":{"start":{"line":88,"column":12},"end":{"line":102,"column":14}},"49":{"start":{"line":90,"column":57},"end":{"line":94,"column":15}},"50":{"start":{"line":105,"column":12},"end":{"line":105,"column":34}},"51":{"start":{"line":109,"column":39},"end":{"line":109,"column":79}},"52":{"start":{"line":110,"column":10},"end":{"line":114,"column":14}},"53":{"start":{"line":117,"column":37},"end":{"line":127,"column":11}},"54":{"start":{"line":129,"column":10},"end":{"line":133,"column":14}},"55":{"start":{"line":136,"column":10},"end":{"line":138,"column":11}},"56":{"start":{"line":137,"column":12},"end":{"line":137,"column":68}},"57":{"start":{"line":139,"column":10},"end":{"line":141,"column":11}},"58":{"start":{"line":140,"column":12},"end":{"line":140,"column":76}},"59":{"start":{"line":143,"column":10},"end":{"line":143,"column":90}},"60":{"start":{"line":144,"column":10},"end":{"line":144,"column":75}},"61":{"start":{"line":147,"column":8},"end":{"line":147,"column":99}},"62":{"start":{"line":153,"column":4},"end":{"line":155,"column":5}},"63":{"start":{"line":154,"column":6},"end":{"line":154,"column":48}},"64":{"start":{"line":157,"column":4},"end":{"line":159,"column":5}},"65":{"start":{"line":158,"column":6},"end":{"line":158,"column":54}},"66":{"start":{"line":161,"column":4},"end":{"line":163,"column":5}},"67":{"start":{"line":162,"column":6},"end":{"line":162,"column":59}},"68":{"start":{"line":166,"column":4},"end":{"line":176,"column":7}},"69":{"start":{"line":167,"column":6},"end":{"line":169,"column":7}},"70":{"start":{"line":168,"column":8},"end":{"line":168,"column":75}},"71":{"start":{"line":170,"column":6},"end":{"line":172,"column":7}},"72":{"start":{"line":171,"column":8},"end":{"line":171,"column":85}},"73":{"start":{"line":173,"column":6},"end":{"line":175,"column":7}},"74":{"start":{"line":174,"column":8},"end":{"line":174,"column":85}},"75":{"start":{"line":180,"column":4},"end":{"line":182,"column":5}},"76":{"start":{"line":181,"column":6},"end":{"line":181,"column":18}},"77":{"start":{"line":184,"column":22},"end":{"line":184,"column":67}},"78":{"start":{"line":185,"column":28},"end":{"line":185,"column":87}},"79":{"start":{"line":185,"column":80},"end":{"line":185,"column":86}},"80":{"start":{"line":187,"column":4},"end":{"line":189,"column":6}},"81":{"start":{"line":188,"column":6},"end":{"line":188,"column":44}},"82":{"start":{"line":193,"column":21},"end":{"line":193,"column":64}},"83":{"start":{"line":195,"column":4},"end":{"line":197,"column":5}},"84":{"start":{"line":196,"column":6},"end":{"line":196,"column":22}},"85":{"start":{"line":200,"column":18},"end":{"line":200,"column":20}},"86":{"start":{"line":201,"column":25},"end":{"line":201,"column":50}},"87":{"start":{"line":201,"column":43},"end":{"line":201,"column":49}},"88":{"start":{"line":204,"column":4},"end":{"line":206,"column":7}},"89":{"start":{"line":205,"column":6},"end":{"line":205,"column":31}},"90":{"start":{"line":209,"column":4},"end":{"line":217,"column":7}},"91":{"start":{"line":210,"column":6},"end":{"line":216,"column":7}},"92":{"start":{"line":211,"column":8},"end":{"line":215,"column":11}},"93":{"start":{"line":212,"column":10},"end":{"line":214,"column":11}},"94":{"start":{"line":213,"column":12},"end":{"line":213,"column":39}},"95":{"start":{"line":219,"column":4},"end":{"line":227,"column":5}},"96":{"start":{"line":220,"column":26},"end":{"line":220,"column":71}},"97":{"start":{"line":220,"column":57},"end":{"line":220,"column":70}},"98":{"start":{"line":221,"column":6},"end":{"line":223,"column":24}},"99":{"start":{"line":222,"column":8},"end":{"line":222,"column":43}},"100":{"start":{"line":222,"column":27},"end":{"line":222,"column":42}},"101":{"start":{"line":225,"column":6},"end":{"line":225,"column":96}},"102":{"start":{"line":226,"column":6},"end":{"line":226,"column":22}},"103":{"start":{"line":231,"column":21},"end":{"line":231,"column":54}},"104":{"start":{"line":232,"column":4},"end":{"line":232,"column":78}},"105":{"start":{"line":232,"column":35},"end":{"line":232,"column":76}},"106":{"start":{"line":236,"column":4},"end":{"line":250,"column":5}},"107":{"start":{"line":237,"column":28},"end":{"line":237,"column":67}},"108":{"start":{"line":238,"column":6},"end":{"line":238,"column":55}},"109":{"start":{"line":240,"column":25},"end":{"line":240,"column":57}},"110":{"start":{"line":241,"column":26},"end":{"line":245,"column":8}},"111":{"start":{"line":246,"column":6},"end":{"line":246,"column":48}},"112":{"start":{"line":248,"column":6},"end":{"line":248,"column":77}},"113":{"start":{"line":249,"column":6},"end":{"line":249,"column":18}},"114":{"start":{"line":255,"column":4},"end":{"line":268,"column":5}},"115":{"start":{"line":256,"column":6},"end":{"line":258,"column":7}},"116":{"start":{"line":257,"column":8},"end":{"line":257,"column":18}},"117":{"start":{"line":260,"column":21},"end":{"line":260,"column":79}},"118":{"start":{"line":261,"column":33},"end":{"line":261,"column":50}},"119":{"start":{"line":262,"column":6},"end":{"line":264,"column":7}},"120":{"start":{"line":263,"column":8},"end":{"line":263,"column":58}},"121":{"start":{"line":265,"column":6},"end":{"line":265,"column":16}},"122":{"start":{"line":267,"column":6},"end":{"line":267,"column":16}},"123":{"start":{"line":272,"column":4},"end":{"line":285,"column":5}},"124":{"start":{"line":273,"column":6},"end":{"line":275,"column":7}},"125":{"start":{"line":274,"column":8},"end":{"line":274,"column":20}},"126":{"start":{"line":277,"column":21},"end":{"line":277,"column":79}},"127":{"start":{"line":278,"column":33},"end":{"line":278,"column":50}},"128":{"start":{"line":279,"column":6},"end":{"line":281,"column":7}},"129":{"start":{"line":280,"column":8},"end":{"line":280,"column":68}},"130":{"start":{"line":282,"column":6},"end":{"line":282,"column":18}},"131":{"start":{"line":284,"column":6},"end":{"line":284,"column":18}},"132":{"start":{"line":289,"column":4},"end":{"line":340,"column":5}},"133":{"start":{"line":291,"column":6},"end":{"line":293,"column":7}},"134":{"start":{"line":292,"column":8},"end":{"line":292,"column":62}},"135":{"start":{"line":296,"column":28},"end":{"line":296,"column":67}},"136":{"start":{"line":297,"column":6},"end":{"line":297,"column":55}},"137":{"start":{"line":300,"column":25},"end":{"line":300,"column":65}},"138":{"start":{"line":304,"column":6},"end":{"line":325,"column":7}},"139":{"start":{"line":305,"column":30},"end":{"line":305,"column":41}},"140":{"start":{"line":306,"column":8},"end":{"line":311,"column":10}},"141":{"start":{"line":314,"column":8},"end":{"line":324,"column":10}},"142":{"start":{"line":327,"column":6},"end":{"line":331,"column":10}},"143":{"start":{"line":334,"column":6},"end":{"line":334,"column":55}},"144":{"start":{"line":336,"column":6},"end":{"line":336,"column":18}},"145":{"start":{"line":338,"column":6},"end":{"line":338,"column":75}},"146":{"start":{"line":339,"column":6},"end":{"line":339,"column":18}},"147":{"start":{"line":344,"column":4},"end":{"line":385,"column":5}},"148":{"start":{"line":345,"column":6},"end":{"line":347,"column":7}},"149":{"start":{"line":346,"column":8},"end":{"line":346,"column":63}},"150":{"start":{"line":349,"column":25},"end":{"line":349,"column":46}},"151":{"start":{"line":350,"column":6},"end":{"line":352,"column":7}},"152":{"start":{"line":351,"column":8},"end":{"line":351,"column":62}},"153":{"start":{"line":355,"column":25},"end":{"line":355,"column":80}},"154":{"start":{"line":356,"column":6},"end":{"line":358,"column":7}},"155":{"start":{"line":357,"column":8},"end":{"line":357,"column":34}},"156":{"start":{"line":361,"column":21},"end":{"line":361,"column":79}},"157":{"start":{"line":362,"column":33},"end":{"line":362,"column":50}},"158":{"start":{"line":364,"column":6},"end":{"line":373,"column":7}},"159":{"start":{"line":365,"column":8},"end":{"line":367,"column":9}},"160":{"start":{"line":366,"column":10},"end":{"line":366,"column":53}},"161":{"start":{"line":370,"column":8},"end":{"line":372,"column":9}},"162":{"start":{"line":371,"column":10},"end":{"line":371,"column":49}},"163":{"start":{"line":375,"column":6},"end":{"line":379,"column":10}},"164":{"start":{"line":381,"column":6},"end":{"line":381,"column":18}},"165":{"start":{"line":383,"column":6},"end":{"line":383,"column":75}},"166":{"start":{"line":384,"column":6},"end":{"line":384,"column":18}},"167":{"start":{"line":389,"column":4},"end":{"line":413,"column":5}},"168":{"start":{"line":390,"column":25},"end":{"line":390,"column":46}},"169":{"start":{"line":391,"column":6},"end":{"line":393,"column":7}},"170":{"start":{"line":392,"column":8},"end":{"line":392,"column":62}},"171":{"start":{"line":396,"column":21},"end":{"line":396,"column":79}},"172":{"start":{"line":397,"column":33},"end":{"line":397,"column":50}},"173":{"start":{"line":398,"column":6},"end":{"line":400,"column":7}},"174":{"start":{"line":399,"column":8},"end":{"line":399,"column":42}},"175":{"start":{"line":402,"column":6},"end":{"line":406,"column":10}},"176":{"start":{"line":408,"column":6},"end":{"line":408,"column":35}},"177":{"start":{"line":409,"column":6},"end":{"line":409,"column":18}},"178":{"start":{"line":411,"column":6},"end":{"line":411,"column":76}},"179":{"start":{"line":412,"column":6},"end":{"line":412,"column":18}},"180":{"start":{"line":417,"column":4},"end":{"line":430,"column":5}},"181":{"start":{"line":418,"column":6},"end":{"line":420,"column":7}},"182":{"start":{"line":419,"column":8},"end":{"line":419,"column":25}},"183":{"start":{"line":422,"column":21},"end":{"line":422,"column":79}},"184":{"start":{"line":423,"column":33},"end":{"line":423,"column":50}},"185":{"start":{"line":424,"column":6},"end":{"line":426,"column":7}},"186":{"start":{"line":425,"column":8},"end":{"line":425,"column":42}},"187":{"start":{"line":427,"column":6},"end":{"line":427,"column":23}},"188":{"start":{"line":429,"column":6},"end":{"line":429,"column":23}},"189":{"start":{"line":434,"column":4},"end":{"line":463,"column":5}},"190":{"start":{"line":435,"column":31},"end":{"line":438,"column":7}},"191":{"start":{"line":440,"column":6},"end":{"line":446,"column":7}},"192":{"start":{"line":441,"column":23},"end":{"line":441,"column":81}},"193":{"start":{"line":442,"column":23},"end":{"line":442,"column":40}},"194":{"start":{"line":443,"column":8},"end":{"line":445,"column":9}},"195":{"start":{"line":444,"column":10},"end":{"line":444,"column":38}},"196":{"start":{"line":448,"column":6},"end":{"line":453,"column":8}},"197":{"start":{"line":455,"column":6},"end":{"line":459,"column":10}},"198":{"start":{"line":461,"column":6},"end":{"line":461,"column":85}},"199":{"start":{"line":462,"column":6},"end":{"line":462,"column":18}},"200":{"start":{"line":467,"column":0},"end":{"line":467,"column":37}}},"fnMap":{"0":{"name":"(anonymous_0)","decl":{"start":{"line":8,"column":2},"end":{"line":8,"column":3}},"loc":{"start":{"line":8,"column":16},"end":{"line":13,"column":3}},"line":8},"1":{"name":"(anonymous_1)","decl":{"start":{"line":15,"column":2},"end":{"line":15,"column":3}},"loc":{"start":{"line":15,"column":36},"end":{"line":28,"column":3}},"line":15},"2":{"name":"(anonymous_2)","decl":{"start":{"line":30,"column":2},"end":{"line":30,"column":3}},"loc":{"start":{"line":30,"column":30},"end":{"line":32,"column":3}},"line":30},"3":{"name":"(anonymous_3)","decl":{"start":{"line":34,"column":2},"end":{"line":34,"column":3}},"loc":{"start":{"line":34,"column":9},"end":{"line":61,"column":3}},"line":34},"4":{"name":"(anonymous_4)","decl":{"start":{"line":45,"column":38},"end":{"line":45,"column":39}},"loc":{"start":{"line":45,"column":51},"end":{"line":47,"column":9}},"line":45},"5":{"name":"(anonymous_5)","decl":{"start":{"line":63,"column":2},"end":{"line":63,"column":3}},"loc":{"start":{"line":63,"column":25},"end":{"line":150,"column":3}},"line":63},"6":{"name":"(anonymous_6)","decl":{"start":{"line":90,"column":46},"end":{"line":90,"column":47}},"loc":{"start":{"line":90,"column":57},"end":{"line":94,"column":15}},"line":90},"7":{"name":"(anonymous_7)","decl":{"start":{"line":152,"column":2},"end":{"line":152,"column":3}},"loc":{"start":{"line":152,"column":19},"end":{"line":177,"column":3}},"line":152},"8":{"name":"(anonymous_8)","decl":{"start":{"line":166,"column":33},"end":{"line":166,"column":34}},"loc":{"start":{"line":166,"column":53},"end":{"line":176,"column":5}},"line":166},"9":{"name":"(anonymous_9)","decl":{"start":{"line":179,"column":2},"end":{"line":179,"column":3}},"loc":{"start":{"line":179,"column":53},"end":{"line":190,"column":3}},"line":179},"10":{"name":"(anonymous_10)","decl":{"start":{"line":185,"column":75},"end":{"line":185,"column":76}},"loc":{"start":{"line":185,"column":80},"end":{"line":185,"column":86}},"line":185},"11":{"name":"(anonymous_11)","decl":{"start":{"line":187,"column":39},"end":{"line":187,"column":40}},"loc":{"start":{"line":188,"column":6},"end":{"line":188,"column":44}},"line":188},"12":{"name":"(anonymous_12)","decl":{"start":{"line":192,"column":2},"end":{"line":192,"column":3}},"loc":{"start":{"line":192,"column":43},"end":{"line":228,"column":3}},"line":192},"13":{"name":"(anonymous_13)","decl":{"start":{"line":201,"column":38},"end":{"line":201,"column":39}},"loc":{"start":{"line":201,"column":43},"end":{"line":201,"column":49}},"line":201},"14":{"name":"(anonymous_14)","decl":{"start":{"line":204,"column":25},"end":{"line":204,"column":26}},"loc":{"start":{"line":204,"column":33},"end":{"line":206,"column":5}},"line":204},"15":{"name":"(anonymous_15)","decl":{"start":{"line":209,"column":53},"end":{"line":209,"column":54}},"loc":{"start":{"line":209,"column":74},"end":{"line":217,"column":5}},"line":209},"16":{"name":"(anonymous_16)","decl":{"start":{"line":211,"column":21},"end":{"line":211,"column":22}},"loc":{"start":{"line":211,"column":28},"end":{"line":215,"column":9}},"line":211},"17":{"name":"(anonymous_17)","decl":{"start":{"line":220,"column":49},"end":{"line":220,"column":50}},"loc":{"start":{"line":220,"column":57},"end":{"line":220,"column":70}},"line":220},"18":{"name":"(anonymous_18)","decl":{"start":{"line":221,"column":29},"end":{"line":221,"column":30}},"loc":{"start":{"line":222,"column":8},"end":{"line":222,"column":43}},"line":222},"19":{"name":"(anonymous_19)","decl":{"start":{"line":222,"column":22},"end":{"line":222,"column":23}},"loc":{"start":{"line":222,"column":27},"end":{"line":222,"column":42}},"line":222},"20":{"name":"(anonymous_20)","decl":{"start":{"line":230,"column":2},"end":{"line":230,"column":3}},"loc":{"start":{"line":230,"column":43},"end":{"line":233,"column":3}},"line":230},"21":{"name":"(anonymous_21)","decl":{"start":{"line":232,"column":24},"end":{"line":232,"column":25}},"loc":{"start":{"line":232,"column":35},"end":{"line":232,"column":76}},"line":232},"22":{"name":"(anonymous_22)","decl":{"start":{"line":235,"column":2},"end":{"line":235,"column":3}},"loc":{"start":{"line":235,"column":15},"end":{"line":251,"column":3}},"line":235},"23":{"name":"(anonymous_23)","decl":{"start":{"line":254,"column":2},"end":{"line":254,"column":3}},"loc":{"start":{"line":254,"column":19},"end":{"line":269,"column":3}},"line":254},"24":{"name":"(anonymous_24)","decl":{"start":{"line":271,"column":2},"end":{"line":271,"column":3}},"loc":{"start":{"line":271,"column":34},"end":{"line":286,"column":3}},"line":271},"25":{"name":"(anonymous_25)","decl":{"start":{"line":288,"column":2},"end":{"line":288,"column":3}},"loc":{"start":{"line":288,"column":42},"end":{"line":341,"column":3}},"line":288},"26":{"name":"(anonymous_26)","decl":{"start":{"line":343,"column":2},"end":{"line":343,"column":3}},"loc":{"start":{"line":343,"column":24},"end":{"line":386,"column":3}},"line":343},"27":{"name":"(anonymous_27)","decl":{"start":{"line":388,"column":2},"end":{"line":388,"column":3}},"loc":{"start":{"line":388,"column":24},"end":{"line":414,"column":3}},"line":388},"28":{"name":"(anonymous_28)","decl":{"start":{"line":416,"column":2},"end":{"line":416,"column":3}},"loc":{"start":{"line":416,"column":24},"end":{"line":431,"column":3}},"line":416},"29":{"name":"(anonymous_29)","decl":{"start":{"line":433,"column":2},"end":{"line":433,"column":3}},"loc":{"start":{"line":433,"column":51},"end":{"line":464,"column":3}},"line":433}},"branchMap":{"0":{"loc":{"start":{"line":17,"column":6},"end":{"line":23,"column":7}},"type":"if","locations":[{"start":{"line":17,"column":6},"end":{"line":23,"column":7}},{"start":{},"end":{}}],"line":17},"1":{"loc":{"start":{"line":20,"column":8},"end":{"line":22,"column":9}},"type":"if","locations":[{"start":{"line":20,"column":8},"end":{"line":22,"column":9}},{"start":{},"end":{}}],"line":20},"2":{"loc":{"start":{"line":20,"column":12},"end":{"line":20,"column":102}},"type":"binary-expr","locations":[{"start":{"line":20,"column":12},"end":{"line":20,"column":30}},{"start":{"line":20,"column":34},"end":{"line":20,"column":72}},{"start":{"line":20,"column":76},"end":{"line":20,"column":102}}],"line":20},"3":{"loc":{"start":{"line":27,"column":11},"end":{"line":27,"column":53}},"type":"binary-expr","locations":[{"start":{"line":27,"column":11},"end":{"line":27,"column":40}},{"start":{"line":27,"column":44},"end":{"line":27,"column":53}}],"line":27},"4":{"loc":{"start":{"line":42,"column":6},"end":{"line":50,"column":7}},"type":"if","locations":[{"start":{"line":42,"column":6},"end":{"line":50,"column":7}},{"start":{},"end":{}}],"line":42},"5":{"loc":{"start":{"line":67,"column":4},"end":{"line":149,"column":5}},"type":"if","locations":[{"start":{"line":67,"column":4},"end":{"line":149,"column":5}},{"start":{},"end":{}}],"line":67},"6":{"loc":{"start":{"line":67,"column":8},"end":{"line":67,"column":72}},"type":"binary-expr","locations":[{"start":{"line":67,"column":8},"end":{"line":67,"column":36}},{"start":{"line":67,"column":40},"end":{"line":67,"column":72}}],"line":67},"7":{"loc":{"start":{"line":71,"column":8},"end":{"line":77,"column":9}},"type":"if","locations":[{"start":{"line":71,"column":8},"end":{"line":77,"column":9}},{"start":{"line":74,"column":15},"end":{"line":77,"column":9}}],"line":71},"8":{"loc":{"start":{"line":74,"column":15},"end":{"line":77,"column":9}},"type":"if","locations":[{"start":{"line":74,"column":15},"end":{"line":77,"column":9}},{"start":{},"end":{}}],"line":74},"9":{"loc":{"start":{"line":79,"column":8},"end":{"line":145,"column":9}},"type":"if","locations":[{"start":{"line":79,"column":8},"end":{"line":145,"column":9}},{"start":{},"end":{}}],"line":79},"10":{"loc":{"start":{"line":86,"column":10},"end":{"line":106,"column":11}},"type":"if","locations":[{"start":{"line":86,"column":10},"end":{"line":106,"column":11}},{"start":{"line":103,"column":17},"end":{"line":106,"column":11}}],"line":86},"11":{"loc":{"start":{"line":86,"column":14},"end":{"line":86,"column":67}},"type":"binary-expr","locations":[{"start":{"line":86,"column":14},"end":{"line":86,"column":31}},{"start":{"line":86,"column":35},"end":{"line":86,"column":67}}],"line":86},"12":{"loc":{"start":{"line":136,"column":10},"end":{"line":138,"column":11}},"type":"if","locations":[{"start":{"line":136,"column":10},"end":{"line":138,"column":11}},{"start":{},"end":{}}],"line":136},"13":{"loc":{"start":{"line":139,"column":10},"end":{"line":141,"column":11}},"type":"if","locations":[{"start":{"line":139,"column":10},"end":{"line":141,"column":11}},{"start":{},"end":{}}],"line":139},"14":{"loc":{"start":{"line":153,"column":4},"end":{"line":155,"column":5}},"type":"if","locations":[{"start":{"line":153,"column":4},"end":{"line":155,"column":5}},{"start":{},"end":{}}],"line":153},"15":{"loc":{"start":{"line":157,"column":4},"end":{"line":159,"column":5}},"type":"if","locations":[{"start":{"line":157,"column":4},"end":{"line":159,"column":5}},{"start":{},"end":{}}],"line":157},"16":{"loc":{"start":{"line":161,"column":4},"end":{"line":163,"column":5}},"type":"if","locations":[{"start":{"line":161,"column":4},"end":{"line":163,"column":5}},{"start":{},"end":{}}],"line":161},"17":{"loc":{"start":{"line":161,"column":8},"end":{"line":161,"column":69}},"type":"binary-expr","locations":[{"start":{"line":161,"column":8},"end":{"line":161,"column":29}},{"start":{"line":161,"column":33},"end":{"line":161,"column":69}}],"line":161},"18":{"loc":{"start":{"line":167,"column":6},"end":{"line":169,"column":7}},"type":"if","locations":[{"start":{"line":167,"column":6},"end":{"line":169,"column":7}},{"start":{},"end":{}}],"line":167},"19":{"loc":{"start":{"line":167,"column":10},"end":{"line":167,"column":49}},"type":"binary-expr","locations":[{"start":{"line":167,"column":10},"end":{"line":167,"column":18}},{"start":{"line":167,"column":22},"end":{"line":167,"column":49}}],"line":167},"20":{"loc":{"start":{"line":170,"column":6},"end":{"line":172,"column":7}},"type":"if","locations":[{"start":{"line":170,"column":6},"end":{"line":172,"column":7}},{"start":{},"end":{}}],"line":170},"21":{"loc":{"start":{"line":173,"column":6},"end":{"line":175,"column":7}},"type":"if","locations":[{"start":{"line":173,"column":6},"end":{"line":175,"column":7}},{"start":{},"end":{}}],"line":173},"22":{"loc":{"start":{"line":179,"column":28},"end":{"line":179,"column":51}},"type":"default-arg","locations":[{"start":{"line":179,"column":42},"end":{"line":179,"column":51}}],"line":179},"23":{"loc":{"start":{"line":180,"column":4},"end":{"line":182,"column":5}},"type":"if","locations":[{"start":{"line":180,"column":4},"end":{"line":182,"column":5}},{"start":{},"end":{}}],"line":180},"24":{"loc":{"start":{"line":184,"column":22},"end":{"line":184,"column":67}},"type":"binary-expr","locations":[{"start":{"line":184,"column":22},"end":{"line":184,"column":61}},{"start":{"line":184,"column":65},"end":{"line":184,"column":67}}],"line":184},"25":{"loc":{"start":{"line":185,"column":28},"end":{"line":185,"column":87}},"type":"binary-expr","locations":[{"start":{"line":185,"column":28},"end":{"line":185,"column":46}},{"start":{"line":185,"column":50},"end":{"line":185,"column":87}}],"line":185},"26":{"loc":{"start":{"line":192,"column":18},"end":{"line":192,"column":41}},"type":"default-arg","locations":[{"start":{"line":192,"column":32},"end":{"line":192,"column":41}}],"line":192},"27":{"loc":{"start":{"line":195,"column":4},"end":{"line":197,"column":5}},"type":"if","locations":[{"start":{"line":195,"column":4},"end":{"line":197,"column":5}},{"start":{},"end":{}}],"line":195},"28":{"loc":{"start":{"line":210,"column":6},"end":{"line":216,"column":7}},"type":"if","locations":[{"start":{"line":210,"column":6},"end":{"line":216,"column":7}},{"start":{},"end":{}}],"line":210},"29":{"loc":{"start":{"line":210,"column":10},"end":{"line":210,"column":63}},"type":"binary-expr","locations":[{"start":{"line":210,"column":10},"end":{"line":210,"column":40}},{"start":{"line":210,"column":44},"end":{"line":210,"column":63}}],"line":210},"30":{"loc":{"start":{"line":212,"column":10},"end":{"line":214,"column":11}},"type":"if","locations":[{"start":{"line":212,"column":10},"end":{"line":214,"column":11}},{"start":{},"end":{}}],"line":212},"31":{"loc":{"start":{"line":230,"column":18},"end":{"line":230,"column":41}},"type":"default-arg","locations":[{"start":{"line":230,"column":32},"end":{"line":230,"column":41}}],"line":230},"32":{"loc":{"start":{"line":256,"column":6},"end":{"line":258,"column":7}},"type":"if","locations":[{"start":{"line":256,"column":6},"end":{"line":258,"column":7}},{"start":{},"end":{}}],"line":256},"33":{"loc":{"start":{"line":262,"column":6},"end":{"line":264,"column":7}},"type":"if","locations":[{"start":{"line":262,"column":6},"end":{"line":264,"column":7}},{"start":{},"end":{}}],"line":262},"34":{"loc":{"start":{"line":262,"column":10},"end":{"line":262,"column":103}},"type":"binary-expr","locations":[{"start":{"line":262,"column":10},"end":{"line":262,"column":28}},{"start":{"line":262,"column":32},"end":{"line":262,"column":70}},{"start":{"line":262,"column":74},"end":{"line":262,"column":103}}],"line":262},"35":{"loc":{"start":{"line":273,"column":6},"end":{"line":275,"column":7}},"type":"if","locations":[{"start":{"line":273,"column":6},"end":{"line":275,"column":7}},{"start":{},"end":{}}],"line":273},"36":{"loc":{"start":{"line":279,"column":6},"end":{"line":281,"column":7}},"type":"if","locations":[{"start":{"line":279,"column":6},"end":{"line":281,"column":7}},{"start":{},"end":{}}],"line":279},"37":{"loc":{"start":{"line":279,"column":10},"end":{"line":279,"column":103}},"type":"binary-expr","locations":[{"start":{"line":279,"column":10},"end":{"line":279,"column":28}},{"start":{"line":279,"column":32},"end":{"line":279,"column":70}},{"start":{"line":279,"column":74},"end":{"line":279,"column":103}}],"line":279},"38":{"loc":{"start":{"line":280,"column":15},"end":{"line":280,"column":67}},"type":"binary-expr","locations":[{"start":{"line":280,"column":15},"end":{"line":280,"column":59}},{"start":{"line":280,"column":63},"end":{"line":280,"column":67}}],"line":280},"39":{"loc":{"start":{"line":288,"column":24},"end":{"line":288,"column":40}},"type":"default-arg","locations":[{"start":{"line":288,"column":38},"end":{"line":288,"column":40}}],"line":288},"40":{"loc":{"start":{"line":291,"column":6},"end":{"line":293,"column":7}},"type":"if","locations":[{"start":{"line":291,"column":6},"end":{"line":293,"column":7}},{"start":{},"end":{}}],"line":291},"41":{"loc":{"start":{"line":345,"column":6},"end":{"line":347,"column":7}},"type":"if","locations":[{"start":{"line":345,"column":6},"end":{"line":347,"column":7}},{"start":{},"end":{}}],"line":345},"42":{"loc":{"start":{"line":350,"column":6},"end":{"line":352,"column":7}},"type":"if","locations":[{"start":{"line":350,"column":6},"end":{"line":352,"column":7}},{"start":{},"end":{}}],"line":350},"43":{"loc":{"start":{"line":356,"column":6},"end":{"line":358,"column":7}},"type":"if","locations":[{"start":{"line":356,"column":6},"end":{"line":358,"column":7}},{"start":{},"end":{}}],"line":356},"44":{"loc":{"start":{"line":364,"column":6},"end":{"line":373,"column":7}},"type":"if","locations":[{"start":{"line":364,"column":6},"end":{"line":373,"column":7}},{"start":{},"end":{}}],"line":364},"45":{"loc":{"start":{"line":364,"column":10},"end":{"line":364,"column":70}},"type":"binary-expr","locations":[{"start":{"line":364,"column":10},"end":{"line":364,"column":28}},{"start":{"line":364,"column":32},"end":{"line":364,"column":70}}],"line":364},"46":{"loc":{"start":{"line":365,"column":8},"end":{"line":367,"column":9}},"type":"if","locations":[{"start":{"line":365,"column":8},"end":{"line":367,"column":9}},{"start":{},"end":{}}],"line":365},"47":{"loc":{"start":{"line":370,"column":8},"end":{"line":372,"column":9}},"type":"if","locations":[{"start":{"line":370,"column":8},"end":{"line":372,"column":9}},{"start":{},"end":{}}],"line":370},"48":{"loc":{"start":{"line":391,"column":6},"end":{"line":393,"column":7}},"type":"if","locations":[{"start":{"line":391,"column":6},"end":{"line":393,"column":7}},{"start":{},"end":{}}],"line":391},"49":{"loc":{"start":{"line":398,"column":6},"end":{"line":400,"column":7}},"type":"if","locations":[{"start":{"line":398,"column":6},"end":{"line":400,"column":7}},{"start":{},"end":{}}],"line":398},"50":{"loc":{"start":{"line":398,"column":10},"end":{"line":398,"column":70}},"type":"binary-expr","locations":[{"start":{"line":398,"column":10},"end":{"line":398,"column":28}},{"start":{"line":398,"column":32},"end":{"line":398,"column":70}}],"line":398},"51":{"loc":{"start":{"line":418,"column":6},"end":{"line":420,"column":7}},"type":"if","locations":[{"start":{"line":418,"column":6},"end":{"line":420,"column":7}},{"start":{},"end":{}}],"line":418},"52":{"loc":{"start":{"line":424,"column":6},"end":{"line":426,"column":7}},"type":"if","locations":[{"start":{"line":424,"column":6},"end":{"line":426,"column":7}},{"start":{},"end":{}}],"line":424},"53":{"loc":{"start":{"line":424,"column":10},"end":{"line":424,"column":100}},"type":"binary-expr","locations":[{"start":{"line":424,"column":10},"end":{"line":424,"column":28}},{"start":{"line":424,"column":32},"end":{"line":424,"column":70}},{"start":{"line":424,"column":74},"end":{"line":424,"column":100}}],"line":424},"54":{"loc":{"start":{"line":433,"column":33},"end":{"line":433,"column":49}},"type":"default-arg","locations":[{"start":{"line":433,"column":47},"end":{"line":433,"column":49}}],"line":433},"55":{"loc":{"start":{"line":440,"column":6},"end":{"line":446,"column":7}},"type":"if","locations":[{"start":{"line":440,"column":6},"end":{"line":446,"column":7}},{"start":{},"end":{}}],"line":440},"56":{"loc":{"start":{"line":443,"column":8},"end":{"line":445,"column":9}},"type":"if","locations":[{"start":{"line":443,"column":8},"end":{"line":445,"column":9}},{"start":{},"end":{}}],"line":443},"57":{"loc":{"start":{"line":443,"column":12},"end":{"line":443,"column":48}},"type":"binary-expr","locations":[{"start":{"line":443,"column":12},"end":{"line":443,"column":18}},{"start":{"line":443,"column":22},"end":{"line":443,"column":48}}],"line":443}},"s":{"0":4,"1":4,"2":4,"3":4,"4":4,"5":4,"6":4,"7":4,"8":4,"9":4,"10":4,"11":2,"12":2,"13":2,"14":0,"15":4,"16":12,"17":5,"18":5,"19":5,"20":5,"21":1,"22":1,"23":1,"24":0,"25":1,"26":1,"27":5,"28":5,"29":5,"30":3,"31":2,"32":2,"33":2,"34":9,"35":9,"36":9,"37":6,"38":6,"39":6,"40":6,"41":0,"42":0,"43":0,"44":6,"45":6,"46":6,"47":6,"48":2,"49":4,"50":4,"51":6,"52":6,"53":6,"54":6,"55":6,"56":6,"57":6,"58":4,"59":6,"60":6,"61":0,"62":17,"63":0,"64":17,"65":4,"66":13,"67":2,"68":11,"69":13,"70":0,"71":13,"72":0,"73":13,"74":2,"75":28,"76":0,"77":28,"78":28,"79":3,"80":28,"81":49,"82":26,"83":26,"84":0,"85":26,"86":26,"87":44,"88":26,"89":44,"90":26,"91":3,"92":3,"93":3,"94":3,"95":26,"96":26,"97":4,"98":2,"99":3,"100":6,"101":24,"102":24,"103":2,"104":2,"105":4,"106":2,"107":2,"108":2,"109":1,"110":1,"111":1,"112":1,"113":1,"114":10,"115":10,"116":5,"117":5,"118":5,"119":3,"120":1,"121":2,"122":2,"123":0,"124":0,"125":0,"126":0,"127":0,"128":0,"129":0,"130":0,"131":0,"132":4,"133":4,"134":2,"135":2,"136":2,"137":1,"138":1,"139":1,"140":1,"141":0,"142":1,"143":1,"144":1,"145":3,"146":3,"147":4,"148":4,"149":1,"150":3,"151":3,"152":2,"153":1,"154":1,"155":1,"156":1,"157":1,"158":1,"159":1,"160":0,"161":1,"162":0,"163":1,"164":1,"165":3,"166":3,"167":3,"168":3,"169":3,"170":2,"171":1,"172":1,"173":1,"174":1,"175":1,"176":1,"177":1,"178":2,"179":2,"180":8,"181":8,"182":1,"183":7,"184":7,"185":7,"186":0,"187":7,"188":0,"189":1,"190":1,"191":1,"192":0,"193":0,"194":0,"195":0,"196":1,"197":1,"198":0,"199":0,"200":4},"f":{"0":4,"1":4,"2":12,"3":5,"4":0,"5":9,"6":4,"7":17,"8":13,"9":28,"10":3,"11":49,"12":26,"13":44,"14":44,"15":3,"16":3,"17":4,"18":3,"19":6,"20":2,"21":4,"22":2,"23":10,"24":0,"25":4,"26":4,"27":3,"28":8,"29":1},"b":{"0":[2,2],"1":[0,2],"2":[2,2,2],"3":[4,4],"4":[1,4],"5":[6,3],"6":[9,3],"7":[6,0],"8":[0,0],"9":[6,0],"10":[2,4],"11":[6,2],"12":[6,0],"13":[4,2],"14":[0,17],"15":[4,13],"16":[2,11],"17":[13,11],"18":[0,13],"19":[13,13],"20":[0,13],"21":[2,11],"22":[0],"23":[0,28],"24":[28,2],"25":[28,3],"26":[0],"27":[0,26],"28":[3,0],"29":[3,3],"30":[3,0],"31":[0],"32":[5,5],"33":[1,2],"34":[3,3,3],"35":[0,0],"36":[0,0],"37":[0,0,0],"38":[0,0],"39":[0],"40":[2,2],"41":[1,3],"42":[2,1],"43":[1,0],"44":[1,0],"45":[1,1],"46":[0,1],"47":[0,1],"48":[2,1],"49":[1,0],"50":[1,1],"51":[1,7],"52":[0,7],"53":[7,7,7],"54":[0],"55":[0,1],"56":[0,0],"57":[0,0]},"_coverageSchema":"1a1c01bbd47fc00a2c39e90264f33305004495a9","hash":"afc78af8443f8fe8c085fe64042349341ab45a67"}
,"/Volumes/Workspace/climber/bin/down.js": {"path":"/Volumes/Workspace/climber/bin/down.js","statementMap":{"0":{"start":{"line":2,"column":11},"end":{"line":2,"column":36}},"1":{"start":{"line":3,"column":14},"end":{"line":3,"column":30}},"2":{"start":{"line":4,"column":13},"end":{"line":4,"column":28}},"3":{"start":{"line":5,"column":22},"end":{"line":5,"column":41}},"4":{"start":{"line":7,"column":0},"end":{"line":42,"column":5}},"5":{"start":{"line":8,"column":2},"end":{"line":41,"column":3}},"6":{"start":{"line":9,"column":24},"end":{"line":9,"column":60}},"7":{"start":{"line":10,"column":21},"end":{"line":10,"column":63}},"8":{"start":{"line":12,"column":4},"end":{"line":12,"column":85}},"9":{"start":{"line":15,"column":28},"end":{"line":15,"column":51}},"10":{"start":{"line":17,"column":4},"end":{"line":34,"column":5}},"11":{"start":{"line":17,"column":17},"end":{"line":17,"column":18}},"12":{"start":{"line":18,"column":22},"end":{"line":18,"column":40}},"13":{"start":{"line":19,"column":21},"end":{"line":19,"column":71}},"14":{"start":{"line":20,"column":22},"end":{"line":20,"column":34}},"15":{"start":{"line":22,"column":6},"end":{"line":33,"column":7}},"16":{"start":{"line":23,"column":8},"end":{"line":23,"column":95}},"17":{"start":{"line":25,"column":8},"end":{"line":25,"column":39}},"18":{"start":{"line":26,"column":23},"end":{"line":26,"column":51}},"19":{"start":{"line":27,"column":8},"end":{"line":27,"column":67}},"20":{"start":{"line":28,"column":8},"end":{"line":28,"column":32}},"21":{"start":{"line":31,"column":8},"end":{"line":31,"column":90}},"22":{"start":{"line":32,"column":8},"end":{"line":32,"column":20}},"23":{"start":{"line":36,"column":4},"end":{"line":36,"column":102}},"24":{"start":{"line":39,"column":4},"end":{"line":39,"column":72}},"25":{"start":{"line":40,"column":4},"end":{"line":40,"column":20}}},"fnMap":{"0":{"name":"(anonymous_0)","decl":{"start":{"line":7,"column":1},"end":{"line":7,"column":2}},"loc":{"start":{"line":7,"column":18},"end":{"line":42,"column":1}},"line":7}},"branchMap":{"0":{"loc":{"start":{"line":9,"column":24},"end":{"line":9,"column":60}},"type":"binary-expr","locations":[{"start":{"line":9,"column":24},"end":{"line":9,"column":47}},{"start":{"line":9,"column":51},"end":{"line":9,"column":60}}],"line":9}},"s":{"0":2,"1":2,"2":2,"3":2,"4":2,"5":2,"6":2,"7":2,"8":2,"9":2,"10":2,"11":2,"12":4,"13":4,"14":4,"15":4,"16":4,"17":4,"18":4,"19":4,"20":4,"21":0,"22":0,"23":2,"24":0,"25":0},"f":{"0":2},"b":{"0":[2,2]},"_coverageSchema":"1a1c01bbd47fc00a2c39e90264f33305004495a9","hash":"2b77cc57fcf1b17464d48419eac9b8df3607e742"}
,"/Volumes/Workspace/climber/bin/folders.js": {"path":"/Volumes/Workspace/climber/bin/folders.js","statementMap":{"0":{"start":{"line":1,"column":22},"end":{"line":1,"column":41}},"1":{"start":{"line":4,"column":20},"end":{"line":4,"column":56}},"2":{"start":{"line":5,"column":16},"end":{"line":5,"column":58}},"3":{"start":{"line":7,"column":0},"end":{"line":7,"column":25}}},"fnMap":{},"branchMap":{"0":{"loc":{"start":{"line":4,"column":20},"end":{"line":4,"column":56}},"type":"binary-expr","locations":[{"start":{"line":4,"column":20},"end":{"line":4,"column":43}},{"start":{"line":4,"column":47},"end":{"line":4,"column":56}}],"line":4}},"s":{"0":4,"1":4,"2":4,"3":4},"f":{},"b":{"0":[4,3]},"_coverageSchema":"1a1c01bbd47fc00a2c39e90264f33305004495a9","hash":"52189bfc133f0c795078af5fc0f4430837378ea6"}
,"/Volumes/Workspace/climber/bin/init.js": {"path":"/Volumes/Workspace/climber/bin/init.js","statementMap":{"0":{"start":{"line":3,"column":11},"end":{"line":3,"column":24}},"1":{"start":{"line":4,"column":13},"end":{"line":4,"column":28}},"2":{"start":{"line":5,"column":13},"end":{"line":5,"column":28}},"3":{"start":{"line":6,"column":14},"end":{"line":6,"column":30}},"4":{"start":{"line":7,"column":17},"end":{"line":7,"column":36}},"5":{"start":{"line":8,"column":17},"end":{"line":8,"column":36}},"6":{"start":{"line":9,"column":22},"end":{"line":9,"column":41}},"7":{"start":{"line":13,"column":0},"end":{"line":13,"column":81}},"8":{"start":{"line":15,"column":13},"end":{"line":15,"column":29}},"9":{"start":{"line":16,"column":12},"end":{"line":16,"column":27}},"10":{"start":{"line":18,"column":15},"end":{"line":28,"column":1}},"11":{"start":{"line":32,"column":2},"end":{"line":44,"column":3}},"12":{"start":{"line":33,"column":4},"end":{"line":35,"column":5}},"13":{"start":{"line":34,"column":6},"end":{"line":34,"column":16}},"14":{"start":{"line":37,"column":18},"end":{"line":37,"column":66}},"15":{"start":{"line":38,"column":4},"end":{"line":41,"column":14}},"16":{"start":{"line":39,"column":22},"end":{"line":39,"column":40}},"17":{"start":{"line":40,"column":19},"end":{"line":40,"column":28}},"18":{"start":{"line":43,"column":4},"end":{"line":43,"column":14}},"19":{"start":{"line":49,"column":2},"end":{"line":54,"column":3}},"20":{"start":{"line":50,"column":17},"end":{"line":50,"column":37}},"21":{"start":{"line":51,"column":4},"end":{"line":51,"column":30}},"22":{"start":{"line":53,"column":4},"end":{"line":53,"column":17}},"23":{"start":{"line":59,"column":2},"end":{"line":61,"column":3}},"24":{"start":{"line":60,"column":4},"end":{"line":60,"column":71}},"25":{"start":{"line":63,"column":24},"end":{"line":63,"column":36}},"26":{"start":{"line":64,"column":18},"end":{"line":64,"column":31}},"27":{"start":{"line":67,"column":2},"end":{"line":77,"column":3}},"28":{"start":{"line":68,"column":20},"end":{"line":68,"column":51}},"29":{"start":{"line":69,"column":4},"end":{"line":76,"column":5}},"30":{"start":{"line":70,"column":6},"end":{"line":70,"column":26}},"31":{"start":{"line":71,"column":11},"end":{"line":76,"column":5}},"32":{"start":{"line":72,"column":6},"end":{"line":72,"column":57}},"33":{"start":{"line":75,"column":6},"end":{"line":75,"column":57}},"34":{"start":{"line":80,"column":23},"end":{"line":80,"column":46}},"35":{"start":{"line":81,"column":18},"end":{"line":81,"column":44}},"36":{"start":{"line":82,"column":19},"end":{"line":82,"column":46}},"37":{"start":{"line":85,"column":2},"end":{"line":88,"column":3}},"38":{"start":{"line":86,"column":21},"end":{"line":86,"column":55}},"39":{"start":{"line":87,"column":4},"end":{"line":87,"column":59}},"40":{"start":{"line":91,"column":2},"end":{"line":117,"column":3}},"41":{"start":{"line":92,"column":21},"end":{"line":92,"column":50}},"42":{"start":{"line":93,"column":29},"end":{"line":95,"column":5}},"43":{"start":{"line":94,"column":6},"end":{"line":94,"column":59}},"44":{"start":{"line":97,"column":4},"end":{"line":116,"column":5}},"45":{"start":{"line":99,"column":28},"end":{"line":99,"column":67}},"46":{"start":{"line":101,"column":23},"end":{"line":101,"column":76}},"47":{"start":{"line":102,"column":6},"end":{"line":105,"column":8}},"48":{"start":{"line":106,"column":11},"end":{"line":116,"column":5}},"49":{"start":{"line":108,"column":27},"end":{"line":108,"column":60}},"50":{"start":{"line":109,"column":28},"end":{"line":109,"column":60}},"51":{"start":{"line":111,"column":23},"end":{"line":111,"column":76}},"52":{"start":{"line":112,"column":6},"end":{"line":115,"column":8}},"53":{"start":{"line":120,"column":2},"end":{"line":120,"column":51}},"54":{"start":{"line":126,"column":2},"end":{"line":131,"column":3}},"55":{"start":{"line":127,"column":20},"end":{"line":127,"column":51}},"56":{"start":{"line":128,"column":4},"end":{"line":130,"column":5}},"57":{"start":{"line":129,"column":6},"end":{"line":129,"column":54}},"58":{"start":{"line":134,"column":2},"end":{"line":154,"column":3}},"59":{"start":{"line":136,"column":19},"end":{"line":136,"column":63}},"60":{"start":{"line":139,"column":23},"end":{"line":139,"column":36}},"61":{"start":{"line":140,"column":25},"end":{"line":140,"column":64}},"62":{"start":{"line":143,"column":4},"end":{"line":145,"column":5}},"63":{"start":{"line":144,"column":6},"end":{"line":144,"column":26}},"64":{"start":{"line":149,"column":30},"end":{"line":149,"column":64}},"65":{"start":{"line":150,"column":38},"end":{"line":150,"column":69}},"66":{"start":{"line":151,"column":33},"end":{"line":151,"column":87}},"67":{"start":{"line":153,"column":4},"end":{"line":153,"column":41}},"68":{"start":{"line":157,"column":2},"end":{"line":165,"column":3}},"69":{"start":{"line":158,"column":23},"end":{"line":158,"column":36}},"70":{"start":{"line":159,"column":25},"end":{"line":159,"column":64}},"71":{"start":{"line":162,"column":4},"end":{"line":164,"column":5}},"72":{"start":{"line":163,"column":6},"end":{"line":163,"column":26}},"73":{"start":{"line":168,"column":2},"end":{"line":168,"column":22}},"74":{"start":{"line":173,"column":2},"end":{"line":173,"column":38}},"75":{"start":{"line":173,"column":28},"end":{"line":173,"column":38}},"76":{"start":{"line":174,"column":2},"end":{"line":174,"column":46}},"77":{"start":{"line":174,"column":28},"end":{"line":174,"column":46}},"78":{"start":{"line":176,"column":15},"end":{"line":176,"column":17}},"79":{"start":{"line":177,"column":16},"end":{"line":177,"column":26}},"80":{"start":{"line":179,"column":2},"end":{"line":186,"column":3}},"81":{"start":{"line":179,"column":15},"end":{"line":179,"column":16}},"82":{"start":{"line":180,"column":17},"end":{"line":180,"column":25}},"83":{"start":{"line":181,"column":4},"end":{"line":185,"column":5}},"84":{"start":{"line":181,"column":29},"end":{"line":181,"column":44}},"85":{"start":{"line":182,"column":6},"end":{"line":182,"column":21}},"86":{"start":{"line":184,"column":6},"end":{"line":184,"column":12}},"87":{"start":{"line":188,"column":2},"end":{"line":188,"column":16}},"88":{"start":{"line":193,"column":17},"end":{"line":193,"column":46}},"89":{"start":{"line":195,"column":17},"end":{"line":249,"column":4}},"90":{"start":{"line":203,"column":8},"end":{"line":205,"column":9}},"91":{"start":{"line":204,"column":10},"end":{"line":204,"column":32}},"92":{"start":{"line":207,"column":26},"end":{"line":207,"column":38}},"93":{"start":{"line":208,"column":25},"end":{"line":208,"column":34}},"94":{"start":{"line":211,"column":8},"end":{"line":214,"column":9}},"95":{"start":{"line":212,"column":26},"end":{"line":212,"column":76}},"96":{"start":{"line":213,"column":10},"end":{"line":213,"column":55}},"97":{"start":{"line":217,"column":29},"end":{"line":217,"column":53}},"98":{"start":{"line":218,"column":24},"end":{"line":218,"column":50}},"99":{"start":{"line":219,"column":25},"end":{"line":219,"column":52}},"100":{"start":{"line":221,"column":8},"end":{"line":244,"column":9}},"101":{"start":{"line":223,"column":10},"end":{"line":230,"column":11}},"102":{"start":{"line":224,"column":29},"end":{"line":227,"column":21}},"103":{"start":{"line":225,"column":30},"end":{"line":225,"column":48}},"104":{"start":{"line":226,"column":27},"end":{"line":226,"column":36}},"105":{"start":{"line":229,"column":12},"end":{"line":229,"column":28}},"106":{"start":{"line":233,"column":10},"end":{"line":241,"column":11}},"107":{"start":{"line":234,"column":29},"end":{"line":238,"column":21}},"108":{"start":{"line":235,"column":30},"end":{"line":235,"column":48}},"109":{"start":{"line":236,"column":27},"end":{"line":236,"column":36}},"110":{"start":{"line":237,"column":30},"end":{"line":237,"column":83}},"111":{"start":{"line":240,"column":12},"end":{"line":240,"column":28}},"112":{"start":{"line":246,"column":8},"end":{"line":246,"column":18}},"113":{"start":{"line":251,"column":2},"end":{"line":251,"column":37}},"114":{"start":{"line":256,"column":2},"end":{"line":271,"column":5}},"115":{"start":{"line":257,"column":15},"end":{"line":260,"column":6}},"116":{"start":{"line":262,"column":24},"end":{"line":262,"column":56}},"117":{"start":{"line":263,"column":4},"end":{"line":270,"column":7}},"118":{"start":{"line":264,"column":6},"end":{"line":264,"column":17}},"119":{"start":{"line":265,"column":6},"end":{"line":269,"column":7}},"120":{"start":{"line":266,"column":8},"end":{"line":266,"column":30}},"121":{"start":{"line":268,"column":8},"end":{"line":268,"column":54}},"122":{"start":{"line":276,"column":2},"end":{"line":286,"column":5}},"123":{"start":{"line":277,"column":15},"end":{"line":280,"column":6}},"124":{"start":{"line":282,"column":4},"end":{"line":285,"column":7}},"125":{"start":{"line":283,"column":6},"end":{"line":283,"column":17}},"126":{"start":{"line":284,"column":6},"end":{"line":284,"column":38}},"127":{"start":{"line":291,"column":15},"end":{"line":291,"column":36}},"128":{"start":{"line":292,"column":24},"end":{"line":292,"column":99}},"129":{"start":{"line":293,"column":31},"end":{"line":293,"column":108}},"130":{"start":{"line":295,"column":2},"end":{"line":295,"column":83}},"131":{"start":{"line":297,"column":2},"end":{"line":306,"column":3}},"132":{"start":{"line":298,"column":4},"end":{"line":298,"column":71}},"133":{"start":{"line":299,"column":4},"end":{"line":301,"column":5}},"134":{"start":{"line":300,"column":6},"end":{"line":300,"column":75}},"135":{"start":{"line":304,"column":29},"end":{"line":304,"column":64}},"136":{"start":{"line":305,"column":4},"end":{"line":305,"column":75}},"137":{"start":{"line":308,"column":2},"end":{"line":373,"column":3}},"138":{"start":{"line":310,"column":24},"end":{"line":310,"column":40}},"139":{"start":{"line":311,"column":21},"end":{"line":311,"column":128}},"140":{"start":{"line":312,"column":4},"end":{"line":315,"column":5}},"141":{"start":{"line":313,"column":6},"end":{"line":313,"column":57}},"142":{"start":{"line":314,"column":6},"end":{"line":314,"column":22}},"143":{"start":{"line":317,"column":4},"end":{"line":317,"column":41}},"144":{"start":{"line":318,"column":4},"end":{"line":318,"column":74}},"145":{"start":{"line":321,"column":25},"end":{"line":321,"column":128}},"146":{"start":{"line":323,"column":4},"end":{"line":349,"column":5}},"147":{"start":{"line":324,"column":6},"end":{"line":324,"column":88}},"148":{"start":{"line":326,"column":6},"end":{"line":348,"column":9}},"149":{"start":{"line":327,"column":8},"end":{"line":347,"column":11}},"150":{"start":{"line":328,"column":10},"end":{"line":346,"column":11}},"151":{"start":{"line":329,"column":12},"end":{"line":329,"column":100}},"152":{"start":{"line":330,"column":12},"end":{"line":330,"column":31}},"153":{"start":{"line":332,"column":12},"end":{"line":343,"column":15}},"154":{"start":{"line":333,"column":34},"end":{"line":333,"column":52}},"155":{"start":{"line":334,"column":34},"end":{"line":334,"column":67}},"156":{"start":{"line":335,"column":14},"end":{"line":342,"column":15}},"157":{"start":{"line":336,"column":16},"end":{"line":340,"column":19}},"158":{"start":{"line":341,"column":16},"end":{"line":341,"column":71}},"159":{"start":{"line":344,"column":12},"end":{"line":344,"column":111}},"160":{"start":{"line":345,"column":12},"end":{"line":345,"column":31}},"161":{"start":{"line":352,"column":4},"end":{"line":354,"column":5}},"162":{"start":{"line":353,"column":6},"end":{"line":353,"column":34}},"163":{"start":{"line":356,"column":4},"end":{"line":359,"column":5}},"164":{"start":{"line":357,"column":6},"end":{"line":357,"column":65}},"165":{"start":{"line":358,"column":6},"end":{"line":358,"column":22}},"166":{"start":{"line":362,"column":4},"end":{"line":362,"column":34}},"167":{"start":{"line":365,"column":4},"end":{"line":365,"column":34}},"168":{"start":{"line":368,"column":4},"end":{"line":368,"column":37}},"169":{"start":{"line":371,"column":4},"end":{"line":371,"column":75}},"170":{"start":{"line":372,"column":4},"end":{"line":372,"column":20}},"171":{"start":{"line":377,"column":2},"end":{"line":395,"column":3}},"172":{"start":{"line":378,"column":17},"end":{"line":378,"column":85}},"173":{"start":{"line":379,"column":4},"end":{"line":381,"column":5}},"174":{"start":{"line":380,"column":6},"end":{"line":380,"column":12}},"175":{"start":{"line":383,"column":24},"end":{"line":383,"column":35}},"176":{"start":{"line":384,"column":24},"end":{"line":384,"column":140}},"177":{"start":{"line":385,"column":24},"end":{"line":385,"column":123}},"178":{"start":{"line":387,"column":4},"end":{"line":391,"column":7}},"179":{"start":{"line":392,"column":4},"end":{"line":392,"column":59}},"180":{"start":{"line":394,"column":4},"end":{"line":394,"column":66}},"181":{"start":{"line":399,"column":26},"end":{"line":399,"column":106}},"182":{"start":{"line":400,"column":2},"end":{"line":402,"column":3}},"183":{"start":{"line":401,"column":4},"end":{"line":401,"column":11}},"184":{"start":{"line":404,"column":2},"end":{"line":430,"column":3}},"185":{"start":{"line":405,"column":20},"end":{"line":405,"column":92}},"186":{"start":{"line":406,"column":4},"end":{"line":408,"column":5}},"187":{"start":{"line":407,"column":6},"end":{"line":407,"column":12}},"188":{"start":{"line":410,"column":16},"end":{"line":410,"column":30}},"189":{"start":{"line":411,"column":24},"end":{"line":411,"column":112}},"190":{"start":{"line":413,"column":4},"end":{"line":413,"column":53}},"191":{"start":{"line":414,"column":4},"end":{"line":416,"column":7}},"192":{"start":{"line":415,"column":6},"end":{"line":415,"column":90}},"193":{"start":{"line":418,"column":27},"end":{"line":418,"column":127}},"194":{"start":{"line":419,"column":29},"end":{"line":422,"column":48}},"195":{"start":{"line":420,"column":18},"end":{"line":420,"column":42}},"196":{"start":{"line":421,"column":23},"end":{"line":421,"column":67}},"197":{"start":{"line":422,"column":20},"end":{"line":422,"column":47}},"198":{"start":{"line":424,"column":4},"end":{"line":427,"column":6}},"199":{"start":{"line":429,"column":4},"end":{"line":429,"column":62}},"200":{"start":{"line":434,"column":26},"end":{"line":434,"column":103}},"201":{"start":{"line":435,"column":2},"end":{"line":437,"column":3}},"202":{"start":{"line":436,"column":4},"end":{"line":436,"column":11}},"203":{"start":{"line":439,"column":2},"end":{"line":467,"column":3}},"204":{"start":{"line":440,"column":4},"end":{"line":440,"column":53}},"205":{"start":{"line":441,"column":4},"end":{"line":443,"column":7}},"206":{"start":{"line":442,"column":6},"end":{"line":442,"column":65}},"207":{"start":{"line":445,"column":23},"end":{"line":445,"column":115}},"208":{"start":{"line":446,"column":4},"end":{"line":448,"column":5}},"209":{"start":{"line":447,"column":6},"end":{"line":447,"column":12}},"210":{"start":{"line":450,"column":25},"end":{"line":450,"column":56}},"211":{"start":{"line":451,"column":4},"end":{"line":454,"column":5}},"212":{"start":{"line":452,"column":6},"end":{"line":452,"column":56}},"213":{"start":{"line":453,"column":6},"end":{"line":453,"column":15}},"214":{"start":{"line":456,"column":20},"end":{"line":456,"column":49}},"215":{"start":{"line":457,"column":23},"end":{"line":457,"column":118}},"216":{"start":{"line":458,"column":25},"end":{"line":461,"column":48}},"217":{"start":{"line":459,"column":18},"end":{"line":459,"column":42}},"218":{"start":{"line":460,"column":23},"end":{"line":460,"column":67}},"219":{"start":{"line":461,"column":20},"end":{"line":461,"column":47}},"220":{"start":{"line":463,"column":4},"end":{"line":466,"column":5}},"221":{"start":{"line":464,"column":6},"end":{"line":464,"column":55}},"222":{"start":{"line":465,"column":6},"end":{"line":465,"column":78}},"223":{"start":{"line":472,"column":15},"end":{"line":472,"column":36}},"224":{"start":{"line":473,"column":24},"end":{"line":473,"column":99}},"225":{"start":{"line":474,"column":31},"end":{"line":474,"column":108}},"226":{"start":{"line":476,"column":2},"end":{"line":476,"column":57}},"227":{"start":{"line":477,"column":2},"end":{"line":477,"column":59}},"228":{"start":{"line":479,"column":15},"end":{"line":479,"column":84}},"229":{"start":{"line":480,"column":2},"end":{"line":483,"column":3}},"230":{"start":{"line":481,"column":4},"end":{"line":481,"column":53}},"231":{"start":{"line":482,"column":4},"end":{"line":482,"column":20}},"232":{"start":{"line":485,"column":2},"end":{"line":507,"column":3}},"233":{"start":{"line":486,"column":4},"end":{"line":494,"column":5}},"234":{"start":{"line":488,"column":6},"end":{"line":488,"column":73}},"235":{"start":{"line":489,"column":6},"end":{"line":489,"column":87}},"236":{"start":{"line":492,"column":6},"end":{"line":492,"column":51}},"237":{"start":{"line":493,"column":6},"end":{"line":493,"column":77}},"238":{"start":{"line":497,"column":4},"end":{"line":497,"column":31}},"239":{"start":{"line":498,"column":4},"end":{"line":498,"column":68}},"240":{"start":{"line":499,"column":4},"end":{"line":499,"column":42}},"241":{"start":{"line":500,"column":4},"end":{"line":500,"column":93}},"242":{"start":{"line":501,"column":4},"end":{"line":501,"column":94}},"243":{"start":{"line":502,"column":4},"end":{"line":502,"column":139}},"244":{"start":{"line":503,"column":4},"end":{"line":503,"column":86}},"245":{"start":{"line":505,"column":4},"end":{"line":505,"column":75}},"246":{"start":{"line":506,"column":4},"end":{"line":506,"column":20}},"247":{"start":{"line":511,"column":0},"end":{"line":514,"column":3}},"248":{"start":{"line":512,"column":2},"end":{"line":512,"column":55}},"249":{"start":{"line":513,"column":2},"end":{"line":513,"column":18}}},"fnMap":{"0":{"name":"getDirectoryContents","decl":{"start":{"line":31,"column":9},"end":{"line":31,"column":29}},"loc":{"start":{"line":31,"column":39},"end":{"line":45,"column":1}},"line":31},"1":{"name":"(anonymous_1)","decl":{"start":{"line":39,"column":14},"end":{"line":39,"column":15}},"loc":{"start":{"line":39,"column":22},"end":{"line":39,"column":40}},"line":39},"2":{"name":"(anonymous_2)","decl":{"start":{"line":40,"column":11},"end":{"line":40,"column":12}},"loc":{"start":{"line":40,"column":19},"end":{"line":40,"column":28}},"line":40},"3":{"name":"isValidDirectory","decl":{"start":{"line":48,"column":9},"end":{"line":48,"column":25}},"loc":{"start":{"line":48,"column":35},"end":{"line":55,"column":1}},"line":48},"4":{"name":"getTabCompletion","decl":{"start":{"line":58,"column":9},"end":{"line":58,"column":25}},"loc":{"start":{"line":58,"column":33},"end":{"line":121,"column":1}},"line":58},"5":{"name":"(anonymous_5)","decl":{"start":{"line":93,"column":45},"end":{"line":93,"column":46}},"loc":{"start":{"line":94,"column":6},"end":{"line":94,"column":59}},"line":94},"6":{"name":"convertToOriginalFormat","decl":{"start":{"line":124,"column":9},"end":{"line":124,"column":32}},"loc":{"start":{"line":124,"column":62},"end":{"line":169,"column":1}},"line":124},"7":{"name":"getCommonPrefix","decl":{"start":{"line":172,"column":9},"end":{"line":172,"column":24}},"loc":{"start":{"line":172,"column":34},"end":{"line":189,"column":1}},"line":172},"8":{"name":"(anonymous_8)","decl":{"start":{"line":181,"column":22},"end":{"line":181,"column":23}},"loc":{"start":{"line":181,"column":29},"end":{"line":181,"column":44}},"line":181},"9":{"name":"promptWithTabCompletion","decl":{"start":{"line":192,"column":15},"end":{"line":192,"column":38}},"loc":{"start":{"line":192,"column":68},"end":{"line":252,"column":1}},"line":192},"10":{"name":"(anonymous_10)","decl":{"start":{"line":201,"column":14},"end":{"line":201,"column":15}},"loc":{"start":{"line":201,"column":40},"end":{"line":247,"column":7}},"line":201},"11":{"name":"(anonymous_11)","decl":{"start":{"line":225,"column":22},"end":{"line":225,"column":23}},"loc":{"start":{"line":225,"column":30},"end":{"line":225,"column":48}},"line":225},"12":{"name":"(anonymous_12)","decl":{"start":{"line":226,"column":19},"end":{"line":226,"column":20}},"loc":{"start":{"line":226,"column":27},"end":{"line":226,"column":36}},"line":226},"13":{"name":"(anonymous_13)","decl":{"start":{"line":235,"column":22},"end":{"line":235,"column":23}},"loc":{"start":{"line":235,"column":30},"end":{"line":235,"column":48}},"line":235},"14":{"name":"(anonymous_14)","decl":{"start":{"line":236,"column":19},"end":{"line":236,"column":20}},"loc":{"start":{"line":236,"column":27},"end":{"line":236,"column":36}},"line":236},"15":{"name":"(anonymous_15)","decl":{"start":{"line":237,"column":22},"end":{"line":237,"column":23}},"loc":{"start":{"line":237,"column":30},"end":{"line":237,"column":83}},"line":237},"16":{"name":"promptYesNo","decl":{"start":{"line":255,"column":9},"end":{"line":255,"column":20}},"loc":{"start":{"line":255,"column":53},"end":{"line":272,"column":1}},"line":255},"17":{"name":"(anonymous_17)","decl":{"start":{"line":256,"column":21},"end":{"line":256,"column":22}},"loc":{"start":{"line":256,"column":34},"end":{"line":271,"column":3}},"line":256},"18":{"name":"(anonymous_18)","decl":{"start":{"line":263,"column":65},"end":{"line":263,"column":66}},"loc":{"start":{"line":263,"column":77},"end":{"line":270,"column":5}},"line":263},"19":{"name":"promptInput","decl":{"start":{"line":275,"column":9},"end":{"line":275,"column":20}},"loc":{"start":{"line":275,"column":50},"end":{"line":287,"column":1}},"line":275},"20":{"name":"(anonymous_20)","decl":{"start":{"line":276,"column":21},"end":{"line":276,"column":22}},"loc":{"start":{"line":276,"column":34},"end":{"line":286,"column":3}},"line":276},"21":{"name":"(anonymous_21)","decl":{"start":{"line":282,"column":39},"end":{"line":282,"column":40}},"loc":{"start":{"line":282,"column":51},"end":{"line":285,"column":5}},"line":282},"22":{"name":"main","decl":{"start":{"line":289,"column":15},"end":{"line":289,"column":19}},"loc":{"start":{"line":289,"column":22},"end":{"line":374,"column":1}},"line":289},"23":{"name":"(anonymous_23)","decl":{"start":{"line":326,"column":24},"end":{"line":326,"column":25}},"loc":{"start":{"line":326,"column":37},"end":{"line":348,"column":7}},"line":326},"24":{"name":"(anonymous_24)","decl":{"start":{"line":327,"column":80},"end":{"line":327,"column":81}},"loc":{"start":{"line":327,"column":91},"end":{"line":347,"column":9}},"line":327},"25":{"name":"(anonymous_25)","decl":{"start":{"line":332,"column":26},"end":{"line":332,"column":27}},"loc":{"start":{"line":332,"column":36},"end":{"line":343,"column":13}},"line":332},"26":{"name":"addProjectsManually","decl":{"start":{"line":376,"column":15},"end":{"line":376,"column":34}},"loc":{"start":{"line":376,"column":37},"end":{"line":396,"column":1}},"line":376},"27":{"name":"configureEnvironments","decl":{"start":{"line":398,"column":15},"end":{"line":398,"column":36}},"loc":{"start":{"line":398,"column":39},"end":{"line":431,"column":1}},"line":398},"28":{"name":"(anonymous_28)","decl":{"start":{"line":414,"column":28},"end":{"line":414,"column":29}},"loc":{"start":{"line":414,"column":48},"end":{"line":416,"column":5}},"line":414},"29":{"name":"(anonymous_29)","decl":{"start":{"line":420,"column":11},"end":{"line":420,"column":12}},"loc":{"start":{"line":420,"column":18},"end":{"line":420,"column":42}},"line":420},"30":{"name":"(anonymous_30)","decl":{"start":{"line":421,"column":14},"end":{"line":421,"column":15}},"loc":{"start":{"line":421,"column":23},"end":{"line":421,"column":67}},"line":421},"31":{"name":"(anonymous_31)","decl":{"start":{"line":422,"column":11},"end":{"line":422,"column":12}},"loc":{"start":{"line":422,"column":20},"end":{"line":422,"column":47}},"line":422},"32":{"name":"configureDependencies","decl":{"start":{"line":433,"column":15},"end":{"line":433,"column":36}},"loc":{"start":{"line":433,"column":39},"end":{"line":468,"column":1}},"line":433},"33":{"name":"(anonymous_33)","decl":{"start":{"line":4
[...]
,"/Volumes/Workspace/climber/bin/workspace.js": {"path":"/Volumes/Workspace/climber/bin/workspace.js","statementMap":{"0":{"start":{"line":2,"column":14},"end":{"line":2,"column":30}},"1":{"start":{"line":3,"column":22},"end":{"line":3,"column":41}},"2":{"start":{"line":5,"column":13},"end":{"line":5,"column":34}},"3":{"start":{"line":6,"column":16},"end":{"line":6,"column":23}},"4":{"start":{"line":9,"column":2},"end":{"line":37,"column":3}},"5":{"start":{"line":10,"column":4},"end":{"line":33,"column":5}},"6":{"start":{"line":13,"column":8},"end":{"line":13,"column":25}},"7":{"start":{"line":14,"column":8},"end":{"line":14,"column":14}},"8":{"start":{"line":16,"column":8},"end":{"line":16,"column":48}},"9":{"start":{"line":17,"column":8},"end":{"line":17,"column":14}},"10":{"start":{"line":20,"column":8},"end":{"line":20,"column":39}},"11":{"start":{"line":21,"column":8},"end":{"line":21,"column":14}},"12":{"start":{"line":23,"column":8},"end":{"line":23,"column":39}},"13":{"start":{"line":24,"column":8},"end":{"line":24,"column":14}},"14":{"start":{"line":26,"column":8},"end":{"line":26,"column":31}},"15":{"start":{"line":27,"column":8},"end":{"line":27,"column":14}},"16":{"start":{"line":29,"column":8},"end":{"line":29,"column":35}},"17":{"start":{"line":30,"column":8},"end":{"line":30,"column":14}},"18":{"start":{"line":32,"column":8},"end":{"line":32,"column":19}},"19":{"start":{"line":35,"column":4},"end":{"line":35,"column":54}},"20":{"start":{"line":36,"column":4},"end":{"line":36,"column":20}},"21":{"start":{"line":41,"column":21},"end":{"line":41,"column":51}},"22":{"start":{"line":42,"column":18},"end":{"line":42,"column":53}},"23":{"start":{"line":44,"column":2},"end":{"line":44,"column":56}},"24":{"start":{"line":46,"column":2},"end":{"line":50,"column":3}},"25":{"start":{"line":47,"column":4},"end":{"line":47,"column":54}},"26":{"start":{"line":48,"column":4},"end":{"line":48,"column":99}},"27":{"start":{"line":49,"column":4},"end":{"line":49,"column":11}},"28":{"start":{"line":52,"column":2},"end":{"line":67,"column":5}},"29":{"start":{"line":53,"column":17},"end":{"line":53,"column":58}},"30":{"start":{"line":54,"column":22},"end":{"line":54,"column":43}},"31":{"start":{"line":55,"column":19},"end":{"line":55,"column":42}},"32":{"start":{"line":56,"column":22},"end":{"line":56,"column":59}},"33":{"start":{"line":58,"column":4},"end":{"line":58,"column":55}},"34":{"start":{"line":59,"column":4},"end":{"line":61,"column":5}},"35":{"start":{"line":60,"column":6},"end":{"line":60,"column":58}},"36":{"start":{"line":62,"column":4},"end":{"line":65,"column":5}},"37":{"start":{"line":63,"column":22},"end":{"line":63,"column":65}},"38":{"start":{"line":64,"column":6},"end":{"line":64,"column":58}},"39":{"start":{"line":66,"column":4},"end":{"line":66,"column":20}},"40":{"start":{"line":69,"column":2},"end":{"line":69,"column":39}},"41":{"start":{"line":70,"column":2},"end":{"line":70,"column":86}},"42":{"start":{"line":71,"column":2},"end":{"line":71,"column":101}},"43":{"start":{"line":75,"column":2},"end":{"line":79,"column":3}},"44":{"start":{"line":76,"column":4},"end":{"line":76,"column":66}},"45":{"start":{"line":77,"column":4},"end":{"line":77,"column":84}},"46":{"start":{"line":78,"column":4},"end":{"line":78,"column":20}},"47":{"start":{"line":81,"column":2},"end":{"line":121,"column":3}},"48":{"start":{"line":83,"column":4},"end":{"line":86,"column":5}},"49":{"start":{"line":84,"column":6},"end":{"line":84,"column":76}},"50":{"start":{"line":85,"column":6},"end":{"line":85,"column":22}},"51":{"start":{"line":88,"column":4},"end":{"line":88,"column":66}},"52":{"start":{"line":89,"column":4},"end":{"line":89,"column":91}},"53":{"start":{"line":90,"column":4},"end":{"line":90,"column":74}},"54":{"start":{"line":91,"column":4},"end":{"line":91,"column":89}},"55":{"start":{"line":94,"column":22},"end":{"line":94,"column":46}},"56":{"start":{"line":95,"column":17},"end":{"line":95,"column":32}},"57":{"start":{"line":96,"column":23},"end":{"line":96,"column":54}},"58":{"start":{"line":98,"column":18},"end":{"line":100,"column":6}},"59":{"start":{"line":102,"column":4},"end":{"line":110,"column":7}},"60":{"start":{"line":103,"column":6},"end":{"line":109,"column":7}},"61":{"start":{"line":104,"column":8},"end":{"line":104,"column":97}},"62":{"start":{"line":105,"column":8},"end":{"line":105,"column":91}},"63":{"start":{"line":107,"column":8},"end":{"line":107,"column":78}},"64":{"start":{"line":108,"column":8},"end":{"line":108,"column":64}},"65":{"start":{"line":112,"column":4},"end":{"line":116,"column":7}},"66":{"start":{"line":113,"column":6},"end":{"line":113,"column":71}},"67":{"start":{"line":114,"column":6},"end":{"line":114,"column":63}},"68":{"start":{"line":115,"column":6},"end":{"line":115,"column":62}},"69":{"start":{"line":119,"column":4},"end":{"line":119,"column":73}},"70":{"start":{"line":120,"column":4},"end":{"line":120,"column":20}},"71":{"start":{"line":125,"column":2},"end":{"line":129,"column":3}},"72":{"start":{"line":126,"column":4},"end":{"line":126,"column":66}},"73":{"start":{"line":127,"column":4},"end":{"line":127,"column":70}},"74":{"start":{"line":128,"column":4},"end":{"line":128,"column":20}},"75":{"start":{"line":131,"column":2},"end":{"line":137,"column":3}},"76":{"start":{"line":132,"column":4},"end":{"line":132,"column":40}},"77":{"start":{"line":133,"column":4},"end":{"line":133,"column":75}},"78":{"start":{"line":135,"column":4},"end":{"line":135,"column":73}},"79":{"start":{"line":136,"column":4},"end":{"line":136,"column":20}},"80":{"start":{"line":141,"column":2},"end":{"line":145,"column":3}},"81":{"start":{"line":142,"column":4},"end":{"line":142,"column":66}},"82":{"start":{"line":143,"column":4},"end":{"line":143,"column":70}},"83":{"start":{"line":144,"column":4},"end":{"line":144,"column":20}},"84":{"start":{"line":147,"column":2},"end":{"line":154,"column":3}},"85":{"start":{"line":148,"column":4},"end":{"line":148,"column":40}},"86":{"start":{"line":149,"column":4},"end":{"line":149,"column":66}},"87":{"start":{"line":150,"column":4},"end":{"line":150,"column":70}},"88":{"start":{"line":152,"column":4},"end":{"line":152,"column":74}},"89":{"start":{"line":153,"column":4},"end":{"line":153,"column":20}},"90":{"start":{"line":158,"column":18},"end":{"line":158,"column":53}},"91":{"start":{"line":159,"column":15},"end":{"line":159,"column":54}},"92":{"start":{"line":161,"column":2},"end":{"line":161,"column":72}},"93":{"start":{"line":163,"column":2},"end":{"line":171,"column":3}},"94":{"start":{"line":164,"column":4},"end":{"line":166,"column":5}},"95":{"start":{"line":165,"column":6},"end":{"line":165,"column":66}},"96":{"start":{"line":167,"column":4},"end":{"line":170,"column":5}},"97":{"start":{"line":168,"column":22},"end":{"line":168,"column":65}},"98":{"start":{"line":169,"column":6},"end":{"line":169,"column":53}},"99":{"start":{"line":173,"column":2},"end":{"line":173,"column":41}},"100":{"start":{"line":174,"column":2},"end":{"line":174,"column":78}},"101":{"start":{"line":175,"column":2},"end":{"line":175,"column":81}},"102":{"start":{"line":179,"column":2},"end":{"line":183,"column":3}},"103":{"start":{"line":180,"column":4},"end":{"line":180,"column":66}},"104":{"start":{"line":181,"column":4},"end":{"line":181,"column":68}},"105":{"start":{"line":182,"column":4},"end":{"line":182,"column":20}},"106":{"start":{"line":185,"column":15},"end":{"line":185,"column":51}},"107":{"start":{"line":186,"column":2},"end":{"line":189,"column":3}},"108":{"start":{"line":187,"column":4},"end":{"line":187,"column":62}},"109":{"start":{"line":188,"column":4},"end":{"line":188,"column":20}},"110":{"start":{"line":191,"column":2},"end":{"line":191,"column":53}},"111":{"start":{"line":192,"column":2},"end":{"line":192,"column":82}},"112":{"start":{"line":193,"column":2},"end":{"line":193,"column":85}},"113":{"start":{"line":194,"column":2},"end":{"line":194,"column":61}},"114":{"start":{"line":197,"column":2},"end":{"line":210,"column":3}},"115":{"start":{"line":198,"column":30},"end":{"line":198,"column":60}},"116":{"start":{"line":199,"column":4},"end":{"line":199,"column":42}},"117":{"start":{"line":200,"column":4},"end":{"line":200,"column":25}},"118":{"start":{"line":202,"column":4},"end":{"line":202,"column":50}},"119":{"start":{"line":203,"column":4},"end":{"line":203,"column":110}},"120":{"start":{"line":204,"column":4},"end":{"line":204,"column":108}},"121":{"start":{"line":205,"column":4},"end":{"line":205,"column":129}},"122":{"start":{"line":207,"column":4},"end":{"line":207,"column":55}},"123":{"start":{"line":209,"column":4},"end":{"line":209,"column":85}},"124":{"start":{"line":214,"column":2},"end":{"line":214,"column":74}},"125":{"start":{"line":215,"column":2},"end":{"line":215,"column":51}},"126":{"start":{"line":216,"column":2},"end":{"line":216,"column":69}},"127":{"start":{"line":217,"column":2},"end":{"line":217,"column":72}},"128":{"start":{"line":218,"column":2},"end":{"line":218,"column":68}},"129":{"start":{"line":219,"column":2},"end":{"line":219,"column":71}},"130":{"start":{"line":220,"column":2},"end":{"line":220,"column":72}},"131":{"start":{"line":221,"column":2},"end":{"line":221,"column":76}},"132":{"start":{"line":222,"column":2},"end":{"line":222,"column":72}},"133":{"start":{"line":224,"column":2},"end":{"line":224,"column":44}},"134":{"start":{"line":225,"column":2},"end":{"line":225,"column":52}},"135":{"start":{"line":226,"column":2},"end":{"line":226,"column":86}},"136":{"start":{"line":227,"column":2},"end":{"line":227,"column":65}},"137":{"start":{"line":228,"column":2},"end":{"line":228,"column":69}},"138":{"start":{"line":230,"column":2},"end":{"line":230,"column":41}},"139":{"start":{"line":231,"column":2},"end":{"line":231,"column":74}},"140":{"start":{"line":232,"column":2},"end":{"line":232,"column":83}},"141":{"start":{"line":233,"column":2},"end":{"line":233,"column":77}},"142":{"start":{"line":236,"column":0},"end":{"line":236,"column":7}}},"fnMap":{"0":{"name":"main","decl":{"start":{"line":8,"column":15},"end":{"line":8,"column":19}},"loc":{"start":{"line":8,"column":22},"end":{"line":38,"column":1}},"line":8},"1":{"name":"listWorkspaces","decl":{"start":{"line":40,"column":9},"end":{"line":40,"column":23}},"loc":{"start":{"line":40,"column":26},"end":{"line":72,"column":1}},"line":40},"2":{"name":"(anonymous_2)","decl":{"start":{"line":52,"column":21},"end":{"line":52,"column":22}},"loc":{"start":{"line":52,"column":34},"end":{"line":67,"column":3}},"line":52},"3":{"name":"createWorkspace","decl":{"start":{"line":74,"column":15},"end":{"line":74,"column":30}},"loc":{"start":{"line":74,"column":55},"end":{"line":122,"column":1}},"line":74},"4":{"name":"(anonymous_4)","decl":{"start":{"line":102,"column":22},"end":{"line":102,"column":23}},"loc":{"start":{"line":102,"column":32},"end":{"line":110,"column":5}},"line":102},"5":{"name":"(anonymous_5)","decl":{"start":{"line":112,"column":22},"end":{"line":112,"column":23}},"loc":{"start":{"line":112,"column":33},"end":{"line":116,"column":5}},"line":112},"6":{"name":"deleteWorkspace","decl":{"start":{"line":124,"column":15},"end":{"line":124,"column":30}},"loc":{"start":{"line":124,"column":37},"end":{"line":138,"column":1}},"line":124},"7":{"name":"switchWorkspace","decl":{"start":{"line":140,"column":15},"end":{"line":140,"column":30}},"loc":{"start":{"line":140,"column":37},"end":{"line":155,"column":1}},"line":140},"8":{"name":"showCurrentWorkspace","decl":{"start":{"line":157,"column":9},"end":{"line":157,"column":29}},"loc":{"start":{"line":157,"column":32},"end":{"line":176,"column":1}},"line":157},"9":{"name":"showWorkspaceInfo","decl":{"start":{"line":178,"column":9},"end":{"line":178,"column":26}},"loc":{"start":{"line":178,"column":33},"end":{"line":211,"column":1}},"line":178},"10":{"name":"showHelp","decl":{"start":{"line":213,"column":9},"end":{"line":213,"column":17}},"loc":{"start":{"line":213,"column":20},"end":{"line":234,"column":1}},"line":213}},"branchMap":{"0":{"loc":{"start":{"line":10,"column":4},"end":{"line":33,"column":5}},"type":"switch","locations":[{"start":{"line":11,"column":6},"end":{"line":11,"column":18}},{"start":{"line":12,"column":6},"end":{"line":14,"column":14}},{"start":{"line":15,"column":6},"end":{"line":17,"column":14}},{"start":{"line":18,"column":6},"end":{"line":18,"column":20}},{"start":{"line":19,"column":6},"end":{"line":21,"column":14}},{"start":{"line":22,"column":6},"end":{"line":24,"column":14}},{"start":{"line":25,"column":6},"end":{"line":27,"column":14}},{"start":{"line":28,"column":6},"end":{"line":30,"column":14}},{"start":{"line":31,"column":6},"end":{"line":32,"column":19}}],"line":10},"1":{"loc":{"start":{"line":46,"column":2},"end":{"line":50,"column":3}},"type":"if","locations":[{"start":{"line":46,"column":2},"end":{"line":50,"column":3}},{"start":{},"end":{}}],"line":46},"2":{"loc":{"start":{"line":55,"column":19},"end":{"line":55,"column":42}},"type":"cond-expr","locations":[{"start":{"line":55,"column":31},"end":{"line":55,"column":35}},{"start":{"line":55,"column":38},"end":{"line":55,"column":42}}],"line":55},"3":{"loc":{"start":{"line":56,"column":22},"end":{"line":56,"column":59}},"type":"cond-expr","locations":[{"start":{"line":56,"column":34},"end":{"line":56,"column":45}},{"start":{"line":56,"column":48},"end":{"line":56,"column":59}}],"line":56},"4":{"loc":{"start":{"line":59,"column":4},"end":{"line":61,"column":5}},"type":"if","locations":[{"start":{"line":59,"column":4},"end":{"line":61,"column":5}},{"start":{},"end":{}}],"line":59},"5":{"loc":{"start":{"line":59,"column":8},"end":{"line":59,"column":32}},"type":"binary-expr","locations":[{"start":{"line":59,"column":8},"end":{"line":59,"column":12}},{"start":{"line":59,"column":16},"end":{"line":59,"column":32}}],"line":59},"6":{"loc":{"start":{"line":62,"column":4},"end":{"line":65,"column":5}},"type":"if","locations":[{"start":{"line":62,"column":4},"end":{"line":65,"column":5}},{"start":{},"end":{}}],"line":62},"7":{"loc":{"start":{"line":62,"column":8},"end":{"line":62,"column":28}},"type":"binary-expr","locations":[{"start":{"line":62,"column":8},"end":{"line":62,"column":12}},{"start":{"line":62,"column":16},"end":{"line":62,"column":28}}],"line":62},"8":{"loc":{"start":{"line":74,"column":37},"end":{"line":74,"column":53}},"type":"default-arg","locations":[{"start":{"line":74,"column":51},"end":{"line":74,"column":53}}],"line":74},"9":{"loc":{"start":{"line":75,"column":2},"end":{"line":79,"column":3}},"type":"if","locations":[{"start":{"line":75,"column":2},"end":{"line":79,"column":3}},{"start":{},"end":{}}],"line":75},"10":{"loc":{"start":{"line":83,"column":4},"end":{"line":86,"column":5}},"type":"if","locations":[{"start":{"line":83,"column":4},"end":{"line":86,"column":5}},{"start":{},"end":{}}],"line":83},"11":{"loc":{"start":{"line":89,"column":46},"end":{"line":89,"column":86}},"type":"binary-expr","locations":[{"start":{"line":89,"column":46},"end":{"line":89,"column":57}},{"start":{"line":89,"column":61},"end":{"line":89,"column":86}}],"line":89},"12":{"loc":{"start":{"line":103,"column":6},"end":{"line":109,"column":7}},"type":"if","locations":[{"start":{"line":103,"column":6},"end":{"line":109,"column":7}},{"start":{"line":106,"column":13},"end":{"line":109,"column":7}}],"line":103},"13":{"loc":{"start":{"line":125,"column":2},"end":{"line":129,"column":3}},"type":"if","locations":[{"start":{"line":125,"column":2},"end":{"line":129,"column":3}},{"start":{},"end":{}}],"line":125},"14":{"loc":{"start":{"line":141,"column":2},"end":{"line":145,"column":3}},"type":"if","locations":[{"start":{"line":141,"column":2},"end":{"line":145,"column":3}},{"start":{},"end":{}}],"line":141},"15":{"loc":{"start":{"line":163,"column":2},"end":{"line":171,"column":3}},"type":"if","locations":[{"start":{"line":163,"column":2},"end":{"line":171,"column":3}},{"start":{},"end":{}}],"line":163},"16":{"loc":{"start":{"line":164,"column":4},"end":{"line":166,"column":5}},"type":"if","locations":[{"start":{"line":164,"column":4},"end":{"line":166,"column":5}},{"start":{},"end":{}}],"line":164},"17":{"loc":{"start":{"line":167,"column":4},"end":{"line":170,"column":5}},"type":"if","locations":[{"start":{"line":167,"column":4},"end":{"line":170,"column":5}},{"start":{},"end":{}}],"line":167},"18":{"loc":{"start":{"line":179,"column":2},"end":{"line":183,"column":3}},"type":"if","locations":[{"start":{"line":179,"column":2},"end":{"line":183,"column":3}},{"start":{},"end":{}}],"line":179},"19":{"loc":{"start":{"line":186,"column":2},"end":{"line":189,"column":3}},"type":"if","locations":[{"start":{"line":186,"column":2},"end":{"line":189,"column":3}},{"start":{},"end":{}}],"line":186},"20":{"loc":{"start":{"line":192,"column":44},"end":{"line":192,"column":80}},"type":"binary-expr","locations":[{"start":{"line":192,"column":44},"end":{"line":192,"column":60}},{"start":{"line":192,"column":64},"end":{"line":192,"column":80}}],"line":192},"21":{"loc":{"start":{"line":203,"column":68},"end":{"line":203,"column":108}},"type":"binary-expr","locations":[{"start":{"line":203,"column":68},"end":{"line":203,"column":95}},{"start":{"line":203,"column":99},"end":{"line":203,"column":108}}],"line":203},"22":{"loc":{"start":{"line":204,"column":62},"end":{"line":204,"column":106}},"type":"binary-expr","locations":[{"start":{"line":204,"column":62},"end":{"line":204,"column":101}},{"start":{"line":204,"column":105},"end":{"line":204,"column":106}}],"line":204},"23":{"loc":{"start":{"line":205,"column":78},"end":{"line":205,"column":119}},"type":"binary-expr","locations":[{"start":{"line":205,"column":78},"end":{"line":205,"column":113}},{"start":{"line":205,"column":117},"end":{"line":205,"column":119}}],"line":205}},"s":{"0":3,"1":3,"2":3,"3":3,"4":3,"5":3,"6":0,"7":0,"8":0,"9":0,"10":0,"11":0,"12":0,"13":0,"14":0,"15":0,"16":0,"17":0,"18":3,"19":0,"20":0,"21":0,"22":0,"23":0,"24":0,"25":0,"26":0,"27":0,"28":0,"29":0,"30":0,"31":0,"32":0,"33":0,"34":0,"35":0,"36":0,"37":0,"38":0,"39":0,"40":0,"41":0,"42":0,"43":0,"44":0,"45":0,"46":0,"47":0,"48":0,"49":0,"50":0,"51":0,"52":0,"53":0,"54":0,"55":0,"56":0,"57":0,"58":0,"59":0,"60":0,"61":0,"62":0,"63":0,"64":0,"65":0,"66":0,"67":0,"68":0,"69":0,"70":0,"71":0,"72":0,"73":0,"74":0,"75":0,"76":0,"77":0,"78":0,"79":0,"80":0,"81":0,"82":0,"83":0,"84":0,"85":0,"86":0,"87":0,"88":0,"89":0,"90":0,"91":0,"92":0,"93":0,"94":0,"95":0,"96":0,"97":0,"98":0,"99":0,"100":0,"101":0,"102":0,"103":0,"104":0,"105":0,"106":0,"107":0,"108":0,"109":0,"110":0,"111":0,"112":0,"113":0,"114":0,"115":0,"116":0,"117":0,"118":0,"119":0,"120":0,"121":0,"122":0,"123":0,"124":3,"125":3,"126":3,"127":3,"128":3,"129":3,"130":3,"131":3,"132":3,"133":3,"134":3,"135":3,"136":3,"137":3,"138":3,"139":3,"140":3,"141":3,"142":3},"f":{"0":3,"1":0,"2":0,"3":0,"4":0,"5":0,"6":0,"7":0,"8":0,"9":0,"10":3},"b":{"0":[0,0,0,0,0,0,0,0,3],"1":[0,0],"2":[0,0],"3":[0,0],"4":[0,0],"5":[0,0],"6":[0,0],"7":[0,0],"8":[0],"9":[0,0],"10":[0,0],"11":[0,0],"12":[0,0],"13":[0,0],"14":[0,0],"15":[0,0],"16":[0,0],"17":[0,0],"18":[0,0],"19":[0,0],"20":[0,0],"21":[0,0],"22":[0,0],"23":[0,0]},"_coverageSchema":"1a1c01bbd47fc00a2c39e90264f33305004495a9","hash":"3b15d9820e27b382c8ca98e412be0362cc303898"}
}
