TN:
SF:bin/clean.js
FN:7,(anonymous_0)
FNF:1
FNH:1
FNDA:2,(anonymous_0)
DA:2,2
DA:3,2
DA:4,2
DA:5,2
DA:7,2
DA:8,2
DA:9,2
DA:10,2
DA:11,2
DA:12,2
DA:13,2
DA:14,2
DA:16,2
DA:17,2
DA:19,2
DA:22,2
DA:23,4
DA:24,4
DA:25,4
DA:27,4
DA:28,4
DA:30,4
DA:31,4
DA:35,4
DA:36,4
DA:37,0
DA:39,4
DA:40,0
DA:43,4
DA:48,4
DA:50,0
DA:55,2
DA:56,0
DA:57,0
DA:59,0
DA:60,0
DA:62,0
DA:65,0
DA:67,0
DA:71,2
DA:72,0
DA:73,0
DA:75,0
DA:76,0
DA:78,0
DA:81,0
DA:83,0
DA:87,2
DA:88,0
DA:89,0
DA:90,0
DA:91,0
DA:93,0
DA:98,2
DA:99,0
DA:100,0
DA:101,0
DA:102,0
DA:104,0
DA:108,2
DA:111,2
DA:112,2
DA:113,2
DA:119,0
DA:120,0
LF:65
LH:36
BRDA:10,0,0,2
BRDA:10,0,1,2
BRDA:11,1,0,2
BRDA:11,1,1,2
BRDA:12,2,0,2
BRDA:12,2,1,2
BRDA:13,3,0,2
BRDA:13,3,1,2
BRDA:14,4,0,2
BRDA:14,4,1,2
BRDA:16,5,0,2
BRDA:16,5,1,2
BRDA:30,6,0,4
BRDA:30,6,1,0
BRDA:36,7,0,0
BRDA:36,7,1,4
BRDA:36,8,0,4
BRDA:36,8,1,4
BRDA:39,9,0,0
BRDA:39,9,1,4
BRDA:39,10,0,4
BRDA:39,10,1,4
BRDA:55,11,0,0
BRDA:55,11,1,2
BRDA:55,12,0,2
BRDA:55,12,1,2
BRDA:59,13,0,0
BRDA:59,13,1,0
BRDA:71,14,0,0
BRDA:71,14,1,2
BRDA:71,15,0,2
BRDA:71,15,1,2
BRDA:75,16,0,0
BRDA:75,16,1,0
BRDA:87,17,0,0
BRDA:87,17,1,2
BRDA:87,18,0,2
BRDA:87,18,1,2
BRDA:98,19,0,0
BRDA:98,19,1,2
BRF:40
BRH:29
end_of_record
TN:
SF:bin/config-show.js
FN:5,(anonymous_0)
FN:27,(anonymous_1)
FN:38,(anonymous_2)
FN:46,(anonymous_3)
FN:54,(anonymous_4)
FN:55,(anonymous_5)
FN:56,(anonymous_6)
FNF:7
FNH:4
FNDA:2,(anonymous_0)
FNDA:2,(anonymous_1)
FNDA:4,(anonymous_2)
FNDA:4,(anonymous_3)
FNDA:0,(anonymous_4)
FNDA:0,(anonymous_5)
FNDA:0,(anonymous_6)
DA:2,2
DA:3,2
DA:5,2
DA:6,2
DA:7,2
DA:9,2
DA:12,2
DA:15,2
DA:16,2
DA:17,2
DA:18,2
DA:19,2
DA:22,2
DA:23,2
DA:26,2
DA:27,2
DA:28,2
DA:29,2
DA:30,2
DA:31,2
DA:33,2
DA:36,2
DA:37,2
DA:38,2
DA:39,4
DA:41,2
DA:44,2
DA:45,2
DA:46,2
DA:47,4
DA:49,2
DA:52,2
DA:53,0
DA:54,0
DA:55,0
DA:56,0
DA:59,0
DA:63,2
DA:64,2
DA:65,2
DA:66,2
DA:67,2
DA:68,2
DA:69,2
DA:70,2
DA:71,2
DA:74,0
DA:75,0
LF:48
LH:41
BRDA:7,0,0,2
BRDA:7,0,1,2
BRDA:27,1,0,2
BRDA:27,1,1,0
BRDA:29,2,0,2
BRDA:29,2,1,0
BRDA:30,3,0,2
BRDA:30,3,1,0
BRDA:31,4,0,2
BRDA:31,4,1,0
BRDA:39,5,0,4
BRDA:39,5,1,0
BRDA:52,6,0,0
BRDA:52,6,1,2
BRDA:52,7,0,2
BRDA:52,7,1,2
BRDA:55,8,0,0
BRDA:55,8,1,0
BRF:18
BRH:10
end_of_record
TN:
SF:bin/config.js
FN:8,(anonymous_0)
FN:15,(anonymous_1)
FN:30,(anonymous_2)
FN:34,(anonymous_3)
FN:45,(anonymous_4)
FN:63,(anonymous_5)
FN:90,(anonymous_6)
FN:152,(anonymous_7)
FN:166,(anonymous_8)
FN:179,(anonymous_9)
FN:185,(anonymous_10)
FN:187,(anonymous_11)
FN:192,(anonymous_12)
FN:201,(anonymous_13)
FN:204,(anonymous_14)
FN:209,(anonymous_15)
FN:211,(anonymous_16)
FN:220,(anonymous_17)
FN:221,(anonymous_18)
FN:222,(anonymous_19)
FN:230,(anonymous_20)
FN:232,(anonymous_21)
FN:235,(anonymous_22)
FN:254,(anonymous_23)
FN:271,(anonymous_24)
FN:288,(anonymous_25)
FN:343,(anonymous_26)
FN:388,(anonymous_27)
FN:416,(anonymous_28)
FN:433,(anonymous_29)
FNF:30
FNH:28
FNDA:4,(anonymous_0)
FNDA:4,(anonymous_1)
FNDA:12,(anonymous_2)
FNDA:5,(anonymous_3)
FNDA:0,(anonymous_4)
FNDA:9,(anonymous_5)
FNDA:4,(anonymous_6)
FNDA:17,(anonymous_7)
FNDA:13,(anonymous_8)
FNDA:28,(anonymous_9)
FNDA:3,(anonymous_10)
FNDA:49,(anonymous_11)
FNDA:26,(anonymous_12)
FNDA:44,(anonymous_13)
FNDA:44,(anonymous_14)
FNDA:3,(anonymous_15)
FNDA:3,(anonymous_16)
FNDA:4,(anonymous_17)
FNDA:3,(anonymous_18)
FNDA:6,(anonymous_19)
FNDA:2,(anonymous_20)
FNDA:4,(anonymous_21)
FNDA:2,(anonymous_22)
FNDA:10,(anonymous_23)
FNDA:0,(anonymous_24)
FNDA:4,(anonymous_25)
FNDA:4,(anonymous_26)
FNDA:3,(anonymous_27)
FNDA:8,(anonymous_28)
FNDA:1,(anonymous_29)
DA:1,4
DA:2,4
DA:3,4
DA:4,4
DA:5,4
DA:9,4
DA:10,4
DA:11,4
DA:12,4
DA:16,4
DA:17,4
DA:18,2
DA:19,2
DA:20,2
DA:21,0
DA:27,4
DA:31,12
DA:35,5
DA:37,5
DA:40,5
DA:42,5
DA:43,1
DA:44,1
DA:45,1
DA:46,0
DA:48,1
DA:49,1
DA:52,5
DA:53,5
DA:54,5
DA:55,3
DA:57,2
DA:58,2
DA:59,2
DA:64,9
DA:65,9
DA:67,9
DA:68,6
DA:71,6
DA:72,6
DA:73,6
DA:74,0
DA:75,0
DA:76,0
DA:79,6
DA:81,6
DA:82,6
DA:86,6
DA:88,2
DA:90,4
DA:105,4
DA:109,6
DA:110,6
DA:117,6
DA:129,6
DA:136,6
DA:137,6
DA:139,6
DA:140,4
DA:143,6
DA:144,6
DA:147,0
DA:153,17
DA:154,0
DA:157,17
DA:158,4
DA:161,13
DA:162,2
DA:166,11
DA:167,13
DA:168,0
DA:170,13
DA:171,0
DA:173,13
DA:174,2
DA:180,28
DA:181,0
DA:184,28
DA:185,28
DA:187,28
DA:188,49
DA:193,26
DA:195,26
DA:196,0
DA:200,26
DA:201,44
DA:204,26
DA:205,44
DA:209,26
DA:210,3
DA:211,3
DA:212,3
DA:213,3
DA:219,26
DA:220,26
DA:221,2
DA:222,6
DA:225,24
DA:226,24
DA:231,2
DA:232,4
DA:236,2
DA:237,2
DA:238,2
DA:240,1
DA:241,1
DA:246,1
DA:248,1
DA:249,1
DA:255,10
DA:256,10
DA:257,5
DA:260,5
DA:261,5
DA:262,3
DA:263,1
DA:265,2
DA:267,2
DA:272,0
DA:273,0
DA:274,0
DA:277,0
DA:278,0
DA:279,0
DA:280,0
DA:282,0
DA:284,0
DA:289,4
DA:291,4
DA:292,2
DA:296,2
DA:297,2
DA:300,1
DA:304,1
DA:305,1
DA:306,1
DA:314,0
DA:327,1
DA:334,1
DA:336,1
DA:338,3
DA:339,3
DA:344,4
DA:345,4
DA:346,1
DA:349,3
DA:350,3
DA:351,2
DA:355,1
DA:356,1
DA:357,1
DA:361,1
DA:362,1
DA:364,1
DA:365,1
DA:366,0
DA:370,1
DA:371,0
DA:375,1
DA:381,1
DA:383,3
DA:384,3
DA:389,3
DA:390,3
DA:391,3
DA:392,2
DA:396,1
DA:397,1
DA:398,1
DA:399,1
DA:402,1
DA:408,1
DA:409,1
DA:411,2
DA:412,2
DA:417,8
DA:418,8
DA:419,1
DA:422,7
DA:423,7
DA:424,7
DA:425,0
DA:427,7
DA:429,0
DA:434,1
DA:435,1
DA:440,1
DA:441,0
DA:442,0
DA:443,0
DA:444,0
DA:448,1
DA:455,1
DA:461,0
DA:462,0
DA:467,4
LF:196
LH:165
BRDA:17,0,0,2
BRDA:17,0,1,2
BRDA:20,1,0,0
BRDA:20,1,1,2
BRDA:20,2,0,2
BRDA:20,2,1,2
BRDA:20,2,2,2
BRDA:27,3,0,4
BRDA:27,3,1,4
BRDA:42,4,0,1
BRDA:42,4,1,4
BRDA:67,5,0,6
BRDA:67,5,1,3
BRDA:67,6,0,9
BRDA:67,6,1,3
BRDA:71,7,0,6
BRDA:71,7,1,0
BRDA:74,8,0,0
BRDA:74,8,1,0
BRDA:79,9,0,6
BRDA:79,9,1,0
BRDA:86,10,0,2
BRDA:86,10,1,4
BRDA:86,11,0,6
BRDA:86,11,1,2
BRDA:136,12,0,6
BRDA:136,12,1,0
BRDA:139,13,0,4
BRDA:139,13,1,2
BRDA:153,14,0,0
BRDA:153,14,1,17
BRDA:157,15,0,4
BRDA:157,15,1,13
BRDA:161,16,0,2
BRDA:161,16,1,11
BRDA:161,17,0,13
BRDA:161,17,1,11
BRDA:167,18,0,0
BRDA:167,18,1,13
BRDA:167,19,0,13
BRDA:167,19,1,13
BRDA:170,20,0,0
BRDA:170,20,1,13
BRDA:173,21,0,2
BRDA:173,21,1,11
BRDA:179,22,0,0
BRDA:180,23,0,0
BRDA:180,23,1,28
BRDA:184,24,0,28
BRDA:184,24,1,2
BRDA:185,25,0,28
BRDA:185,25,1,3
BRDA:192,26,0,0
BRDA:195,27,0,0
BRDA:195,27,1,26
BRDA:210,28,0,3
BRDA:210,28,1,0
BRDA:210,29,0,3
BRDA:210,29,1,3
BRDA:212,30,0,3
BRDA:212,30,1,0
BRDA:230,31,0,0
BRDA:256,32,0,5
BRDA:256,32,1,5
BRDA:262,33,0,1
BRDA:262,33,1,2
BRDA:262,34,0,3
BRDA:262,34,1,3
BRDA:262,34,2,3
BRDA:273,35,0,0
BRDA:273,35,1,0
BRDA:279,36,0,0
BRDA:279,36,1,0
BRDA:279,37,0,0
BRDA:279,37,1,0
BRDA:279,37,2,0
BRDA:280,38,0,0
BRDA:280,38,1,0
BRDA:288,39,0,0
BRDA:291,40,0,2
BRDA:291,40,1,2
BRDA:345,41,0,1
BRDA:345,41,1,3
BRDA:350,42,0,2
BRDA:350,42,1,1
BRDA:356,43,0,1
BRDA:356,43,1,0
BRDA:364,44,0,1
BRDA:364,44,1,0
BRDA:364,45,0,1
BRDA:364,45,1,1
BRDA:365,46,0,0
BRDA:365,46,1,1
BRDA:370,47,0,0
BRDA:370,47,1,1
BRDA:391,48,0,2
BRDA:391,48,1,1
BRDA:398,49,0,1
BRDA:398,49,1,0
BRDA:398,50,0,1
BRDA:398,50,1,1
BRDA:418,51,0,1
BRDA:418,51,1,7
BRDA:424,52,0,0
BRDA:424,52,1,7
BRDA:424,53,0,7
BRDA:424,53,1,7
BRDA:424,53,2,7
BRDA:433,54,0,0
BRDA:440,55,0,0
BRDA:440,55,1,1
BRDA:443,56,0,0
BRDA:443,56,1,0
BRDA:443,57,0,0
BRDA:443,57,1,0
BRF:115
BRH:77
end_of_record
TN:
SF:bin/down.js
FN:7,(anonymous_0)
FNF:1
FNH:1
FNDA:2,(anonymous_0)
DA:2,2
DA:3,2
DA:4,2
DA:5,2
DA:7,2
DA:8,2
DA:9,2
DA:10,2
DA:12,2
DA:15,2
DA:17,2
DA:18,4
DA:19,4
DA:20,4
DA:22,4
DA:23,4
DA:25,4
DA:26,4
DA:27,4
DA:28,4
DA:31,0
DA:32,0
DA:36,2
DA:39,0
DA:40,0
LF:25
LH:21
BRDA:9,0,0,2
BRDA:9,0,1,2
BRF:2
BRH:2
end_of_record
TN:
SF:bin/folders.js
FNF:0
FNH:0
DA:1,4
DA:4,4
DA:5,4
DA:7,4
LF:4
LH:4
BRDA:4,0,0,4
BRDA:4,0,1,3
BRF:2
BRH:2
end_of_record
TN:
SF:bin/init.js
FN:31,getDirectoryContents
FN:39,(anonymous_1)
FN:40,(anonymous_2)
FN:48,isValidDirectory
FN:58,getTabCompletion
FN:93,(anonymous_5)
FN:124,convertToOriginalFormat
FN:172,getCommonPrefix
FN:181,(anonymous_8)
FN:192,promptWithTabCompletion
FN:201,(anonymous_10)
FN:225,(anonymous_11)
FN:226,(anonymous_12)
FN:235,(anonymous_13)
FN:236,(anonymous_14)
FN:237,(anonymous_15)
FN:255,promptYesNo
FN:256,(anonymous_17)
FN:263,(anonymous_18)
FN:275,promptInput
FN:276,(anonymous_20)
FN:282,(anonymous_21)
FN:289,main
FN:326,(anonymous_23)
FN:327,(anonymous_24)
FN:332,(anonymous_25)
FN:376,addProjectsManually
FN:398,configureEnvironments
FN:414,(anonymous_28)
FN:420,(anonymous_29)
FN:421,(anonymous_30)
FN:422,(anonymous_31)
FN:433,configureDependencies
FN:441,(anonymous_33)
FN:459,(anonymous_34)
FN:460,(anonymous_35)
FN:461,(anonymous_36)
FN:470,showConfigurationAndSave
FN:511,(anonymous_38)
FNF:39
FNH:2
FNDA:0,getDirectoryContents
FNDA:0,(anonymous_1)
FNDA:0,(anonymous_2)
FNDA:0,isValidDirectory
FNDA:0,getTabCompletion
FNDA:0,(anonymous_5)
FNDA:0,convertToOriginalFormat
FNDA:0,getCommonPrefix
FNDA:0,(anonymous_8)
FNDA:2,promptWithTabCompletion
FNDA:0,(anonymous_10)
FNDA:0,(anonymous_11)
FNDA:0,(anonymous_12)
FNDA:0,(anonymous_13)
FNDA:0,(anonymous_14)
FNDA:0,(anonymous_15)
FNDA:0,promptYesNo
FNDA:0,(anonymous_17)
FNDA:0,(anonymous_18)
FNDA:0,promptInput
FNDA:0,(anonymous_20)
FNDA:0,(anonymous_21)
FNDA:2,main
FNDA:0,(anonymous_23)
FNDA:0,(anonymous_24)
FNDA:0,(anonymous_25)
FNDA:0,addProjectsManually
FNDA:0,configureEnvironments
FNDA:0,(anonymous_28)
FNDA:0,(anonymous_29)
FNDA:0,(anonymous_30)
FNDA:0,(anonymous_31)
FNDA:0,configureDependencies
FNDA:0,(anonymous_33)
FNDA:0,(anonymous_34)
FNDA:0,(anonymous_35)
FNDA:0,(anonymous_36)
FNDA:0,showConfigurationAndSave
FNDA:0,(anonymous_38)
DA:3,2
DA:4,2
DA:5,2
DA:6,2
DA:7,2
DA:8,2
DA:9,2
DA:13,2
DA:15,2
DA:16,2
DA:18,2
DA:32,0
DA:33,0
DA:34,0
DA:37,0
DA:38,0
DA:39,0
DA:40,0
DA:43,0
DA:49,0
DA:50,0
DA:51,0
DA:53,0
DA:59,0
DA:60,0
DA:63,0
DA:64,0
DA:67,0
DA:68,0
DA:69,0
DA:70,0
DA:71,0
DA:72,0
DA:75,0
DA:80,0
DA:81,0
DA:82,0
DA:85,0
DA:86,0
DA:87,0
DA:91,0
DA:92,0
DA:93,0
DA:94,0
DA:97,0
DA:99,0
DA:101,0
DA:102,0
DA:106,0
DA:108,0
DA:109,0
DA:111,0
DA:112,0
DA:120,0
DA:126,0
DA:127,0
DA:128,0
DA:129,0
DA:134,0
DA:136,0
DA:139,0
DA:140,0
DA:143,0
DA:144,0
DA:149,0
DA:150,0
DA:151,0
DA:153,0
DA:157,0
DA:158,0
DA:159,0
DA:162,0
DA:163,0
DA:168,0
DA:173,0
DA:174,0
DA:176,0
DA:177,0
DA:179,0
DA:180,0
DA:181,0
DA:182,0
DA:184,0
DA:188,0
DA:193,2
DA:195,2
DA:203,0
DA:204,0
DA:207,0
DA:208,0
DA:211,0
DA:212,0
DA:213,0
DA:217,0
DA:218,0
DA:219,0
DA:221,0
DA:223,0
DA:224,0
DA:225,0
DA:226,0
DA:229,0
DA:233,0
DA:234,0
DA:235,0
DA:236,0
DA:237,0
DA:240,0
DA:246,0
DA:251,0
DA:256,0
DA:257,0
DA:262,0
DA:263,0
DA:264,0
DA:265,0
DA:266,0
DA:268,0
DA:276,0
DA:277,0
DA:282,0
DA:283,0
DA:284,0
DA:291,2
DA:292,2
DA:293,2
DA:295,2
DA:297,2
DA:298,0
DA:299,0
DA:300,0
DA:304,2
DA:305,2
DA:308,2
DA:310,2
DA:311,2
DA:312,0
DA:313,0
DA:314,0
DA:317,0
DA:318,0
DA:321,0
DA:323,0
DA:324,0
DA:326,0
DA:327,0
DA:328,0
DA:329,0
DA:330,0
DA:332,0
DA:333,0
DA:334,0
DA:335,0
DA:336,0
DA:341,0
DA:344,0
DA:345,0
DA:352,0
DA:353,0
DA:356,0
DA:357,0
DA:358,0
DA:362,0
DA:365,0
DA:368,0
DA:371,2
DA:372,2
DA:377,0
DA:378,0
DA:379,0
DA:380,0
DA:383,0
DA:384,0
DA:385,0
DA:387,0
DA:392,0
DA:394,0
DA:399,0
DA:400,0
DA:401,0
DA:404,0
DA:405,0
DA:406,0
DA:407,0
DA:410,0
DA:411,0
DA:413,0
DA:414,0
DA:415,0
DA:418,0
DA:419,0
DA:420,0
DA:421,0
DA:422,0
DA:424,0
DA:429,0
DA:434,0
DA:435,0
DA:436,0
DA:439,0
DA:440,0
DA:441,0
DA:442,0
DA:445,0
DA:446,0
DA:447,0
DA:450,0
DA:451,0
DA:452,0
DA:453,0
DA:456,0
DA:457,0
DA:458,0
DA:459,0
DA:460,0
DA:461,0
DA:463,0
DA:464,0
DA:465,0
DA:472,0
DA:473,0
DA:474,0
DA:476,0
DA:477,0
DA:479,0
DA:480,0
DA:481,0
DA:482,0
DA:485,0
DA:486,0
DA:488,0
DA:489,0
DA:492,0
DA:493,0
DA:497,0
DA:498,0
DA:499,0
DA:500,0
DA:501,0
DA:502,0
DA:503,0
DA:505,0
DA:506,0
DA:511,2
DA:512,0
DA:513,0
LF:246
LH:26
BRDA:33,0,0,0
BRDA:33,0,1,0
BRDA:59,1,0,0
BRDA:59,1,1,0
BRDA:59,2,0,0
BRDA:59,2,1,0
BRDA:60,3,0,0
BRDA:60,3,1,0
BRDA:60,3,2,0
BRDA:67,4,0,0
BRDA:67,4,1,0
BRDA:68,5,0,0
BRDA:68,5,1,0
BRDA:68,5,2,0
BRDA:69,6,0,0
BRDA:69,6,1,0
BRDA:71,7,0,0
BRDA:71,7,1,0
BRDA:85,8,0,0
BRDA:85,8,1,0
BRDA:91,9,0,0
BRDA:91,9,1,0
BRDA:97,10,0,0
BRDA:97,10,1,0
BRDA:106,11,0,0
BRDA:106,11,1,0
BRDA:126,12,0,0
BRDA:126,12,1,0
BRDA:127,13,0,0
BRDA:127,13,1,0
BRDA:127,13,2,0
BRDA:128,14,0,0
BRDA:128,14,1,0
BRDA:134,15,0,0
BRDA:134,15,1,0
BRDA:134,16,0,0
BRDA:134,16,1,0
BRDA:136,17,0,0
BRDA:136,17,1,0
BRDA:143,18,0,0
BRDA:143,18,1,0
BRDA:157,19,0,0
BRDA:157,19,1,0
BRDA:157,20,0,0
BRDA:157,20,1,0
BRDA:162,21,0,0
BRDA:162,21,1,0
BRDA:162,22,0,0
BRDA:162,22,1,0
BRDA:173,23,0,0
BRDA:173,23,1,0
BRDA:174,24,0,0
BRDA:174,24,1,0
BRDA:181,25,0,0
BRDA:181,25,1,0
BRDA:192,26,0,0
BRDA:203,27,0,0
BRDA:203,27,1,0
BRDA:203,28,0,0
BRDA:203,28,1,0
BRDA:211,29,0,0
BRDA:211,29,1,0
BRDA:212,30,0,0
BRDA:212,30,1,0
BRDA:212,30,2,0
BRDA:223,31,0,0
BRDA:223,31,1,0
BRDA:223,32,0,0
BRDA:223,32,1,0
BRDA:233,33,0,0
BRDA:233,33,1,0
BRDA:233,34,0,0
BRDA:233,34,1,0
BRDA:251,35,0,0
BRDA:251,35,1,0
BRDA:255,36,0,0
BRDA:262,37,0,0
BRDA:262,37,1,0
BRDA:265,38,0,0
BRDA:265,38,1,0
BRDA:275,39,0,0
BRDA:284,40,0,0
BRDA:284,40,1,0
BRDA:292,41,0,0
BRDA:292,41,1,2
BRDA:293,42,0,0
BRDA:293,42,1,2
BRDA:297,43,0,0
BRDA:297,43,1,2
BRDA:299,44,0,0
BRDA:299,44,1,0
BRDA:310,45,0,2
BRDA:310,45,1,0
BRDA:312,46,0,0
BRDA:312,46,1,0
BRDA:323,47,0,0
BRDA:323,47,1,0
BRDA:328,48,0,0
BRDA:328,48,1,0
BRDA:328,49,0,0
BRDA:328,49,1,0
BRDA:335,50,0,0
BRDA:335,50,1,0
BRDA:352,51,0,0
BRDA:352,51,1,0
BRDA:352,52,0,0
BRDA:352,52,1,0
BRDA:356,53,0,0
BRDA:356,53,1,0
BRDA:379,54,0,0
BRDA:379,54,1,0
BRDA:379,55,0,0
BRDA:379,55,1,0
BRDA:400,56,0,0
BRDA:400,56,1,0
BRDA:406,57,0,0
BRDA:406,57,1,0
BRDA:406,58,0,0
BRDA:406,58,1,0
BRDA:421,59,0,0
BRDA:421,59,1,0
BRDA:435,60,0,0
BRDA:435,60,1,0
BRDA:446,61,0,0
BRDA:446,61,1,0
BRDA:446,62,0,0
BRDA:446,62,1,0
BRDA:451,63,0,0
BRDA:451,63,1,0
BRDA:451,64,0,0
BRDA:451,64,1,0
BRDA:460,65,0,0
BRDA:460,65,1,0
BRDA:463,66,0,0
BRDA:463,66,1,0
BRDA:473,67,0,0
BRDA:473,67,1,0
BRDA:474,68,0,0
BRDA:474,68,1,0
BRDA:480,69,0,0
BRDA:480,69,1,0
BRDA:486,70,0,0
BRDA:486,70,1,0
BRF:143
BRH:4
end_of_record
TN:
SF:bin/logs.js
FN:7,(anonymous_0)
FN:11,(anonymous_1)
FN:12,(anonymous_2)
FN:48,(anonymous_3)
FN:50,(anonymous_4)
FN:57,(anonymous_5)
FN:59,(anonymous_6)
FN:66,(anonymous_7)
FN:74,(anonymous_8)
FN:76,(anonymous_9)
FN:83,(anonymous_10)
FN:83,(anonymous_11)
FN:109,(anonymous_12)
FN:118,(anonymous_13)
FN:122,(anonymous_14)
FN:126,(anonymous_15)
FN:134,(anonymous_16)
FNF:17
FNH:2
FNDA:2,(anonymous_0)
FNDA:0,(anonymous_1)
FNDA:0,(anonymous_2)
FNDA:0,(anonymous_3)
FNDA:0,(anonymous_4)
FNDA:0,(anonymous_5)
FNDA:0,(anonymous_6)
FNDA:0,(anonymous_7)
FNDA:0,(anonymous_8)
FNDA:0,(anonymous_9)
FNDA:0,(anonymous_10)
FNDA:0,(anonymous_11)
FNDA:2,(anonymous_12)
FNDA:0,(anonymous_13)
FNDA:0,(anonymous_14)
FNDA:0,(anonymous_15)
FNDA:0,(anonymous_16)
DA:2,2
DA:3,2
DA:4,2
DA:5,2
DA:7,2
DA:8,2
DA:9,2
DA:10,2
DA:11,2
DA:12,2
DA:14,2
DA:15,2
DA:17,2
DA:19,2
DA:22,0
DA:24,0
DA:26,0
DA:27,0
DA:28,0
DA:29,0
DA:31,0
DA:32,0
DA:33,0
DA:36,0
DA:38,0
DA:39,0
DA:42,0
DA:48,0
DA:49,0
DA:50,0
DA:51,0
DA:52,0
DA:57,0
DA:58,0
DA:59,0
DA:60,0
DA:61,0
DA:66,0
DA:67,0
DA:70,0
DA:74,0
DA:75,0
DA:76,0
DA:77,0
DA:79,0
DA:83,0
DA:84,0
DA:89,2
DA:90,2
DA:91,2
DA:92,2
DA:94,2
DA:95,2
DA:97,2
DA:98,2
DA:101,2
DA:103,2
DA:104,0
DA:107,2
DA:109,2
DA:110,2
DA:115,2
DA:116,2
DA:118,2
DA:119,0
DA:122,2
DA:123,0
DA:126,2
DA:127,0
DA:128,0
DA:130,0
DA:134,2
DA:135,0
DA:139,0
DA:141,0
DA:142,0
DA:148,0
DA:149,0
LF:78
LH:33
BRDA:10,0,0,2
BRDA:10,0,1,2
BRDA:11,1,0,2
BRDA:11,1,1,2
BRDA:12,2,0,2
BRDA:12,2,1,2
BRDA:12,3,0,0
BRDA:12,3,1,0
BRDA:14,4,0,2
BRDA:14,4,1,2
BRDA:19,5,0,0
BRDA:19,5,1,2
BRDA:32,6,0,0
BRDA:32,6,1,0
BRDA:38,7,0,0
BRDA:38,7,1,0
BRDA:51,8,0,0
BRDA:51,8,1,0
BRDA:60,9,0,0
BRDA:60,9,1,0
BRDA:97,10,0,2
BRDA:97,10,1,0
BRDA:103,11,0,0
BRDA:103,11,1,2
BRDA:127,12,0,0
BRDA:127,12,1,0
BRF:26
BRH:11
end_of_record
TN:
SF:bin/ps.js
FN:7,(anonymous_0)
FNF:1
FNH:1
FNDA:2,(anonymous_0)
DA:2,2
DA:3,2
DA:4,2
DA:5,2
DA:7,2
DA:8,2
DA:9,2
DA:10,2
DA:12,2
DA:14,2
DA:15,4
DA:16,4
DA:17,4
DA:19,4
DA:20,4
DA:21,4
DA:23,4
DA:24,4
DA:27,4
DA:29,4
DA:30,2
DA:34,0
DA:35,0
DA:40,0
DA:41,0
LF:25
LH:21
BRDA:9,0,0,2
BRDA:9,0,1,2
BRDA:23,1,0,4
BRDA:23,1,1,0
BRDA:29,2,0,2
BRDA:29,2,1,2
BRF:6
BRH:5
end_of_record
TN:
SF:bin/restart.js
FN:7,(anonymous_0)
FN:10,(anonymous_1)
FN:11,(anonymous_2)
FNF:3
FNH:1
FNDA:2,(anonymous_0)
FNDA:0,(anonymous_1)
FNDA:0,(anonymous_2)
DA:2,2
DA:3,2
DA:4,2
DA:5,2
DA:7,2
DA:8,2
DA:9,2
DA:10,2
DA:11,2
DA:12,2
DA:13,2
DA:15,2
DA:16,0
DA:18,2
DA:21,2
DA:22,2
DA:23,2
DA:24,2
DA:26,2
DA:27,2
DA:29,2
DA:30,2
DA:33,2
DA:38,2
DA:39,0
DA:42,2
DA:45,0
DA:46,0
DA:47,0
DA:49,0
DA:50,0
DA:54,2
DA:55,2
DA:59,0
DA:61,2
DA:62,2
LF:36
LH:28
BRDA:10,0,0,2
BRDA:10,0,1,2
BRDA:10,1,0,0
BRDA:10,1,1,0
BRDA:11,2,0,2
BRDA:11,2,1,2
BRDA:12,3,0,2
BRDA:12,3,1,2
BRDA:15,4,0,0
BRDA:15,4,1,2
BRDA:29,5,0,2
BRDA:29,5,1,0
BRDA:38,6,0,0
BRDA:38,6,1,2
BRDA:49,7,0,0
BRDA:49,7,1,0
BRF:16
BRH:9
end_of_record
TN:
SF:bin/up.js
FN:7,(anonymous_0)
FN:13,(anonymous_1)
FN:40,(anonymous_2)
FNF:3
FNH:3
FNDA:2,(anonymous_0)
FNDA:4,(anonymous_1)
FNDA:2,(anonymous_2)
DA:2,2
DA:3,2
DA:4,2
DA:5,2
DA:7,2
DA:8,2
DA:9,2
DA:10,2
DA:12,2
DA:13,4
DA:15,2
DA:16,2
DA:17,2
DA:18,2
DA:20,2
DA:21,2
DA:23,2
DA:24,2
DA:27,2
DA:33,2
DA:34,2
DA:35,2
DA:38,2
DA:39,2
DA:40,2
DA:44,0
DA:45,0
DA:49,0
DA:52,0
DA:53,0
LF:30
LH:25
BRDA:9,0,0,2
BRDA:9,0,1,2
BRDA:23,1,0,2
BRDA:23,1,1,0
BRDA:38,2,0,2
BRDA:38,2,1,0
BRF:6
BRH:4
end_of_record
TN:
SF:bin/workspace.js
FN:8,main
FN:40,listWorkspaces
FN:52,(anonymous_2)
FN:74,createWorkspace
FN:102,(anonymous_4)
FN:112,(anonymous_5)
FN:124,deleteWorkspace
FN:140,switchWorkspace
FN:157,showCurrentWorkspace
FN:178,showWorkspaceInfo
FN:213,showHelp
FNF:11
FNH:2
FNDA:3,main
FNDA:0,listWorkspaces
FNDA:0,(anonymous_2)
FNDA:0,createWorkspace
FNDA:0,(anonymous_4)
FNDA:0,(anonymous_5)
FNDA:0,deleteWorkspace
FNDA:0,switchWorkspace
FNDA:0,showCurrentWorkspace
FNDA:0,showWorkspaceInfo
FNDA:3,showHelp
DA:2,3
DA:3,3
DA:5,3
DA:6,3
DA:9,3
DA:10,3
DA:13,0
DA:14,0
DA:16,0
DA:17,0
DA:20,0
DA:21,0
DA:23,0
DA:24,0
DA:26,0
DA:27,0
DA:29,0
DA:30,0
DA:32,3
DA:35,0
DA:36,0
DA:41,0
DA:42,0
DA:44,0
DA:46,0
DA:47,0
DA:48,0
DA:49,0
DA:52,0
DA:53,0
DA:54,0
DA:55,0
DA:56,0
DA:58,0
DA:59,0
DA:60,0
DA:62,0
DA:63,0
DA:64,0
DA:66,0
DA:69,0
DA:70,0
DA:71,0
DA:75,0
DA:76,0
DA:77,0
DA:78,0
DA:81,0
DA:83,0
DA:84,0
DA:85,0
DA:88,0
DA:89,0
DA:90,0
DA:91,0
DA:94,0
DA:95,0
DA:96,0
DA:98,0
DA:102,0
DA:103,0
DA:104,0
DA:105,0
DA:107,0
DA:108,0
DA:112,0
DA:113,0
DA:114,0
DA:115,0
DA:119,0
DA:120,0
DA:125,0
DA:126,0
DA:127,0
DA:128,0
DA:131,0
DA:132,0
DA:133,0
DA:135,0
DA:136,0
DA:141,0
DA:142,0
DA:143,0
DA:144,0
DA:147,0
DA:148,0
DA:149,0
DA:150,0
DA:152,0
DA:153,0
DA:158,0
DA:159,0
DA:161,0
DA:163,0
DA:164,0
DA:165,0
DA:167,0
DA:168,0
DA:169,0
DA:173,0
DA:174,0
DA:175,0
DA:179,0
DA:180,0
DA:181,0
DA:182,0
DA:185,0
DA:186,0
DA:187,0
DA:188,0
DA:191,0
DA:192,0
DA:193,0
DA:194,0
DA:197,0
DA:198,0
DA:199,0
DA:200,0
DA:202,0
DA:203,0
DA:204,0
DA:205,0
DA:207,0
DA:209,0
DA:214,3
DA:215,3
DA:216,3
DA:217,3
DA:218,3
DA:219,3
DA:220,3
DA:221,3
DA:222,3
DA:224,3
DA:225,3
DA:226,3
DA:227,3
DA:228,3
DA:230,3
DA:231,3
DA:232,3
DA:233,3
DA:236,3
LF:143
LH:26
BRDA:10,0,0,0
BRDA:10,0,1,0
BRDA:10,0,2,0
BRDA:10,0,3,0
BRDA:10,0,4,0
BRDA:10,0,5,0
BRDA:10,0,6,0
BRDA:10,0,7,0
BRDA:10,0,8,3
BRDA:46,1,0,0
BRDA:46,1,1,0
BRDA:55,2,0,0
BRDA:55,2,1,0
BRDA:56,3,0,0
BRDA:56,3,1,0
BRDA:59,4,0,0
BRDA:59,4,1,0
BRDA:59,5,0,0
BRDA:59,5,1,0
BRDA:62,6,0,0
BRDA:62,6,1,0
BRDA:62,7,0,0
BRDA:62,7,1,0
BRDA:74,8,0,0
BRDA:75,9,0,0
BRDA:75,9,1,0
BRDA:83,10,0,0
BRDA:83,10,1,0
BRDA:89,11,0,0
BRDA:89,11,1,0
BRDA:103,12,0,0
BRDA:103,12,1,0
BRDA:125,13,0,0
BRDA:125,13,1,0
BRDA:141,14,0,0
BRDA:141,14,1,0
BRDA:163,15,0,0
BRDA:163,15,1,0
BRDA:164,16,0,0
BRDA:164,16,1,0
BRDA:167,17,0,0
BRDA:167,17,1,0
BRDA:179,18,0,0
BRDA:179,18,1,0
BRDA:186,19,0,0
BRDA:186,19,1,0
BRDA:192,20,0,0
BRDA:192,20,1,0
BRDA:203,21,0,0
BRDA:203,21,1,0
BRDA:204,22,0,0
BRDA:204,22,1,0
BRDA:205,23,0,0
BRDA:205,23,1,0
BRF:54
BRH:1
end_of_record
